WigleWifi-1.4,appRelease=v1.4.1,model=ESP32 Marauder,release=v1.4.1,device=ESP32 Marauder,display=SPI TFT,board=ESP32 Marauder,brand=JustCallMeKoko
MAC,SSID,AuthMode,FirstSeen,Channel,RSSI,CurrentLatitude,CurrentLongitude,AltitudeMeters,AccuracyMeters,Type
72:8C:52:2B:9F:7B,SkyCerda,[WPA2_PSK],2025-5-6 11:14:51,11,-89,30.7193718,-97.3206482,144.50,1.50,WIFI
72:8C:52:6B:9F:7B,,[WPA2_PSK],2025-5-6 11:14:51,11,-89,30.7193718,-97.3206482,144.50,1.50,WIFI
E8:D3:EB:6D:B9:86,Granger Lake Wifi,[WPA2_PSK],2025-5-6 11:14:59,6,-78,30.7194500,-97.3211517,144.50,1.50,WIFI
E8:D3:EB:6D:B9:89,,[OPEN],2025-5-6 11:14:59,6,-78,30.7194500,-97.3211517,144.50,1.50,WIFI
E8:D3:EB:6D:B9:83,,[WPA3_PSK],2025-5-6 11:14:59,6,-79,30.7194500,-97.3211517,144.50,1.50,WIFI
C8:B8:2F:33:DD:A4,,[WPA3_PSK],2025-5-6 11:14:59,6,-81,30.7194500,-97.3211517,144.50,1.50,WIFI
C8:B8:2F:33:DD:A6,Granger Lake Wifi,[WPA2_PSK],2025-5-6 11:14:59,6,-82,30.7194500,-97.3211517,144.50,1.50,WIFI
C8:B8:2F:33:DD:A8,,[OPEN],2025-5-6 11:14:59,6,-82,30.7194500,-97.3211517,144.50,1.50,WIFI
C8:B8:2F:32:80:06,Granger Lake Wifi,[WPA2_PSK],2025-5-6 11:14:59,6,-84,30.7194500,-97.3211517,144.50,1.50,WIFI
70:BC:48:83:77:C0,USACE,[WPA2],2025-5-6 11:15:4,11,-86,30.7190838,-97.3213348,145.10,1.50,WIFI
70:BC:48:83:77:C1,USACE_GUEST,[WPA2_PSK],2025-5-6 11:15:4,11,-88,30.7190838,-97.3213348,145.10,1.50,WIFI
C8:B8:2F:32:80:08,,[OPEN],2025-5-6 11:15:12,6,-64,30.7182884,-97.3217316,145.00,1.50,WIFI
C8:B8:2F:32:80:04,,[WPA3_PSK],2025-5-6 11:15:12,6,-66,30.7182884,-97.3217316,145.00,1.50,WIFI
C8:B8:2F:31:E2:A6,Granger Lake Wifi,[WPA2_PSK],2025-5-6 11:15:12,6,-87,30.7182884,-97.3217316,145.00,1.50,WIFI
00:80:AE:6A:83:AC,hug2g838952,[WPA2_PSK],2025-5-6 11:17:10,6,-89,30.6939716,-97.3335648,144.80,2.00,WIFI
0A:80:AE:6A:83:AC,,[WPA2_PSK],2025-5-6 11:17:10,6,-90,30.6939716,-97.3335648,144.80,2.00,WIFI
B2:81:84:95:15:84,,[OPEN],2025-5-6 11:18:7,11,-31,30.6831760,-97.3394241,134.30,1.50,WIFI
84:A9:3E:C8:D9:F5,DIRECT-F1-HP DeskJet 2600 series,[WPA2_PSK],2025-5-6 11:20:12,6,-88,30.6700840,-97.3559341,147.60,1.50,WIFI
36:A0:DE:8B:DF:E0,,[WPA2_PSK],2025-5-6 11:20:17,11,-83,30.6691799,-97.3571854,147.90,1.50,WIFI
36:A0:DE:2B:DF:E0,Natedawg,[WPA2_PSK],2025-5-6 11:20:17,11,-86,30.6691799,-97.3571854,147.90,1.50,WIFI
00:80:AE:60:56:74,hugh247858,[WPA2_PSK],2025-5-6 11:20:25,6,-86,30.6677513,-97.3591461,148.50,1.50,WIFI
FA:B4:6A:08:57:6F,DIRECT-6F-HP OfficeJet 5200,[WPA2_PSK],2025-5-6 11:20:25,6,-88,30.6677513,-97.3591461,148.50,1.50,WIFI
90:91:64:2B:B0:E4,PIX-LINK-2.4G,[OPEN],2025-5-6 11:20:30,11,-86,30.6669044,-97.3603058,148.80,1.50,WIFI
36:A0:DE:5B:DF:E0,,[WPA2_PSK],2025-5-6 11:20:30,11,-88,30.6669044,-97.3603058,148.80,1.50,WIFI
94:3C:96:67:1A:27,TMOBILE-1A21,[WPA2_WPA3_PSK],2025-5-6 11:20:33,1,-83,30.6664162,-97.3609772,148.90,1.50,WIFI
C8:D9:D2:C0:FC:FE,DIRECT-FD-HP OfficeJet 6950,[WPA2_PSK],2025-5-6 11:20:33,1,-87,30.6664162,-97.3609772,148.90,1.50,WIFI
0A:80:AE:A4:B7:7F,,[WPA2_PSK],2025-5-6 11:20:38,6,-94,30.6655731,-97.3621292,149.00,1.50,WIFI
04:A1:51:26:39:CA,Sin76,[WPA2_PSK],2025-5-6 11:20:49,4,-73,30.6639194,-97.3647842,149.70,1.50,WIFI
00:80:AE:A4:B7:7F,hug2g874635,[WPA2_PSK],2025-5-6 11:20:51,6,-70,30.6636524,-97.3653183,149.70,1.50,WIFI
6C:AE:F6:4B:56:E6,Jesse Eero,[WPA2_PSK],2025-5-6 11:20:56,11,-84,30.6629772,-97.3666458,149.70,1.50,WIFI
6C:AE:F6:4B:56:E3,,[WPA3_PSK],2025-5-6 11:20:56,11,-90,30.6629772,-97.3666458,149.70,1.50,WIFI
00:80:AE:28:9B:B3,hugh828292,[WPA2_PSK],2025-5-6 11:20:59,1,-75,30.6625481,-97.3674393,149.40,1.50,WIFI
06:80:AE:28:9B:B3,,[WPA2_PSK],2025-5-6 11:20:59,1,-78,30.6625481,-97.3674393,149.40,1.50,WIFI
FC:15:B4:6E:27:1B,HP-Print-1B-ENVY 5530 series,[OPEN],2025-5-6 11:20:59,1,-84,30.6625481,-97.3674393,149.40,1.50,WIFI
0A:80:AE:C4:7C:63,,[WPA2_PSK],2025-5-6 11:21:38,1,-79,30.6565361,-97.3777466,151.60,1.50,WIFI
00:80:AE:C4:7C:63,hug2g677864,[WPA2_PSK],2025-5-6 11:21:38,1,-80,30.6565361,-97.3777466,151.60,1.50,WIFI
C8:A6:08:46:E5:22,BRA_Test,[WPA2_PSK],2025-5-6 11:21:41,4,-85,30.6560802,-97.3785172,151.30,1.50,WIFI
C8:A6:08:46:E5:23,BRA_AV,[WPA2_PSK],2025-5-6 11:21:41,4,-85,30.6560802,-97.3785172,151.30,1.50,WIFI
C8:A6:08:46:E5:21,Brazos,[WPA2],2025-5-6 11:21:41,4,-85,30.6560802,-97.3785172,151.30,1.50,WIFI
C8:A6:08:46:E5:20,BrazosGuest,[WPA2_PSK],2025-5-6 11:21:41,4,-86,30.6560802,-97.3785172,151.30,1.50,WIFI
9E:A3:A9:71:A7:6B,,[WPA2_PSK],2025-5-6 11:21:45,8,-56,30.6554718,-97.3795624,150.70,1.50,WIFI
9E:A3:A9:75:1A:31,,[WPA2_PSK],2025-5-6 11:21:45,8,-69,30.6554718,-97.3795624,150.70,1.50,WIFI
08:3A:2F:1A:53:03,NVR083a2f1a5303,[WPA2_PSK],2025-5-6 11:21:45,8,-77,30.6554718,-97.3795624,150.70,1.50,WIFI
B4:B0:24:30:74:6A,TP-Link_746B,[WPA_WPA2_PSK],2025-5-6 11:21:54,4,-86,30.6542721,-97.3820267,151.10,1.50,WIFI
02:54:AF:F9:C8:B3,HotspotC8B3,[WPA_WPA2_PSK],2025-5-6 11:22:1,11,-85,30.6536045,-97.3841553,152.20,1.50,WIFI
F4:E2:C6:AF:C9:95,TAC-Secure,[WPA2_PSK],2025-5-6 11:22:1,11,-90,30.6536045,-97.3841553,152.20,1.50,WIFI
FA:E2:C6:AF:C9:95,TAC-Public,[WPA2_PSK],2025-5-6 11:22:1,11,-90,30.6536045,-97.3841553,152.20,1.50,WIFI
D8:44:89:57:88:46,MINZENMAYER1,[WPA2_PSK],2025-5-6 11:23:10,2,-72,30.6465435,-97.4040833,156.00,1.50,WIFI
DE:44:89:57:88:46,,[WPA2_PSK],2025-5-6 11:23:10,2,-72,30.6465435,-97.4040833,156.00,1.50,WIFI
D8:44:89:57:88:56,MINZENMAYER1,[WPA2_PSK],2025-5-6 11:23:10,2,-85,30.6465435,-97.4040833,156.00,1.50,WIFI
DE:44:89:57:88:AA,,[WPA2_PSK],2025-5-6 11:23:10,2,-85,30.6465435,-97.4040833,156.00,1.50,WIFI
D8:44:89:57:88:AA,MINZENMAYER1,[WPA2_PSK],2025-5-6 11:23:10,2,-87,30.6465435,-97.4040833,156.00,1.50,WIFI
36:21:03:AA:5A:61,,[WPA2_PSK],2025-5-6 11:23:14,6,-88,30.6458683,-97.4049988,156.90,1.50,WIFI
22:AD:56:B3:F6:F0,HotspotF6F0,[WPA_WPA2_PSK],2025-5-6 11:23:19,11,-88,30.6450348,-97.4061432,156.60,1.50,WIFI
12:E8:A7:4C:71:5B,myChevrolet 715b,[WPA2_PSK],2025-5-6 11:23:22,1,-74,30.6445484,-97.4068146,156.80,1.50,WIFI
7C:F1:7E:C9:78:E2,House,[WPA2_WPA3_PSK],2025-5-6 11:24:23,9,-67,30.6392574,-97.4217300,158.70,1.50,WIFI
86:F1:7E:C9:78:E2,House_IoT,[WPA2_PSK],2025-5-6 11:24:23,9,-69,30.6392574,-97.4217300,158.70,1.50,WIFI
2A:B0:B0:68:F1:EC,,[WPA2_PSK],2025-5-6 11:24:25,11,-92,30.6392517,-97.4221954,158.20,1.50,WIFI
48:DD:0C:6C:6D:C5,Altmaneero1,[WPA2_PSK],2025-5-6 11:24:33,6,-81,30.6387253,-97.4240417,156.80,2.00,WIFI
48:DD:0C:6C:6D:C3,,[WPA3_PSK],2025-5-6 11:24:33,6,-82,30.6387253,-97.4240417,156.80,2.00,WIFI
48:DD:0C:6F:3F:C7,,[OPEN],2025-5-6 11:24:33,6,-84,30.6387253,-97.4240417,156.80,2.00,WIFI
52:B1:E3:9E:48:72,Deco_4870,[OPEN],2025-5-6 11:24:43,3,-93,30.6380119,-97.4262924,155.40,1.50,WIFI
48:DD:0C:6E:F8:C5,Altmaneero1,[WPA2_PSK],2025-5-6 11:24:46,6,-80,30.6377888,-97.4270096,152.90,1.50,WIFI
48:DD:0C:6E:F8:C7,,[OPEN],2025-5-6 11:24:46,6,-81,30.6377888,-97.4270096,152.90,1.50,WIFI
48:DD:0C:6E:F8:C3,,[WPA3_PSK],2025-5-6 11:24:46,6,-81,30.6377888,-97.4270096,152.90,1.50,WIFI
AC:9E:17:48:50:E0,Altman,[WPA2_PSK],2025-5-6 11:24:56,3,-84,30.6370487,-97.4293594,146.20,2.00,WIFI
D8:47:32:2A:DA:15,DOUGLAS,[WPA2_PSK],2025-5-6 11:24:56,3,-90,30.6370487,-97.4293594,146.20,2.00,WIFI
10:0C:6B:AB:47:C0,NETGEAR17,[WPA2_PSK],2025-5-6 11:25:11,5,-88,30.6362591,-97.4318771,147.70,1.50,WIFI
BA:8D:12:5D:F3:D0,Circleville Grain,[WPA2_PSK],2025-5-6 11:25:12,6,-83,30.6362038,-97.4320450,148.00,1.50,WIFI
B8:8D:12:5D:F3:DB,Circleville Grain,[WPA2_PSK],2025-5-6 11:25:12,6,-86,30.6362038,-97.4320450,148.00,1.50,WIFI
D6:21:F9:2A:1A:AE,CV-RV_Secure,[WPA2_WPA3_PSK],2025-5-6 11:25:12,6,-89,30.6362038,-97.4320450,148.00,1.50,WIFI
DE:21:F9:2A:1A:AE,,[WPA2_PSK],2025-5-6 11:25:12,6,-89,30.6362038,-97.4320450,148.00,1.50,WIFI
0E:96:E6:3D:88:1F,DIRECT-1f-HP M227f LaserJet,[WPA2_PSK],2025-5-6 11:25:12,6,-90,30.6362038,-97.4320450,148.00,1.50,WIFI
C8:99:B2:D6:73:AF,Senior,[WPA2_WPA3_PSK],2025-5-6 11:25:15,9,-80,30.6360435,-97.4325638,149.10,1.50,WIFI
D0:21:F9:37:A8:70,Circleville RV Park,[WPA2_WPA3_PSK],2025-5-6 11:25:17,11,-86,30.6359425,-97.4328766,149.30,1.50,WIFI
D6:21:F9:37:A8:70,CV-RV_Secure,[WPA2_WPA3_PSK],2025-5-6 11:25:17,11,-86,30.6359425,-97.4328766,149.30,1.50,WIFI
0C:8D:DB:7A:B5:E8,Nutrien-Wifi,[WPA2],2025-5-6 11:25:17,11,-88,30.6359425,-97.4328766,149.30,1.50,WIFI
02:8D:DB:7A:B5:E8,Nutrien-IoT,[WPA2_PSK],2025-5-6 11:25:17,11,-91,30.6359425,-97.4328766,149.30,1.50,WIFI
3E:56:FE:C8:E2:BD,,[WPA2_PSK],2025-5-6 11:25:20,1,-76,30.6358032,-97.4333191,148.00,1.50,WIFI
32:56:FE:C8:E2:BD,Nutrien-Open,[OPEN],2025-5-6 11:25:20,1,-77,30.6358032,-97.4333191,148.00,1.50,WIFI
3A:56:FE:C8:E2:BD,Nutrien-IoT,[WPA2_PSK],2025-5-6 11:25:20,1,-77,30.6358032,-97.4333191,148.00,1.50,WIFI
34:56:FE:C8:E2:BD,Nutrien-Wifi,[WPA2],2025-5-6 11:25:20,1,-79,30.6358032,-97.4333191,148.00,1.50,WIFI
02:FE:5D:B3:FB:AA,Pvt.WFR_Teton.1485,[WPA2_PSK],2025-5-6 11:25:25,6,-79,30.6356030,-97.4339676,147.40,2.00,WIFI
C0:D3:91:E6:F9:0F,BlueBell-ELD,[WPA2_PSK],2025-5-6 11:25:25,6,-89,30.6356030,-97.4339676,147.40,2.00,WIFI
DA:21:F9:37:AF:C1,,[WPA2_WPA3_PSK],2025-5-6 11:25:25,6,-90,30.6356030,-97.4339676,147.40,2.00,WIFI
B2:8B:A9:91:D3:CC,CV-RV_Secure,[WPA2_WPA3_PSK],2025-5-6 11:25:30,11,-76,30.6354046,-97.4343643,148.60,1.50,WIFI
AC:8B:A9:91:D3:CC,Circleville RV Park,[WPA2_WPA3_PSK],2025-5-6 11:25:30,11,-77,30.6354046,-97.4343643,148.60,1.50,WIFI
DE:21:F9:37:A8:70,,[WPA2_PSK],2025-5-6 11:25:30,11,-80,30.6354046,-97.4343643,148.60,1.50,WIFI
E8:78:29:32:7E:71,Camper ,[WPA2_PSK],2025-5-6 11:25:30,11,-84,30.6354046,-97.4343643,148.60,1.50,WIFI
B2:8B:A9:81:00:E8,CV-RV_Secure,[WPA2_WPA3_PSK],2025-5-6 11:25:30,11,-84,30.6354046,-97.4343643,148.60,1.50,WIFI
B6:8B:A9:81:00:E8,,[WPA2_WPA3_PSK],2025-5-6 11:25:30,11,-85,30.6354046,-97.4343643,148.60,1.50,WIFI
AC:8B:A9:81:00:E8,Circleville RV Park,[WPA2_WPA3_PSK],2025-5-6 11:25:30,11,-86,30.6354046,-97.4343643,148.60,1.50,WIFI
E8:9F:80:C4:D1:F3,Duchess,[WPA2_PSK],2025-5-6 11:25:33,1,-81,30.6352272,-97.4343491,149.10,1.50,WIFI
8C:83:94:A2:64:7D,Verizon_D67QD4,[WPA2_PSK],2025-5-6 11:25:33,1,-84,30.6352272,-97.4343491,149.10,1.50,WIFI
BA:8B:A9:81:00:E8,,[WPA2_PSK],2025-5-6 11:25:43,11,-77,30.6340866,-97.4336624,152.00,1.50,WIFI
00:17:1A:D4:EB:34,Winegard2ghzD4EB33,[WPA2_PSK],2025-5-6 11:25:43,11,-82,30.6340866,-97.4336624,152.00,1.50,WIFI
00:17:1A:D3:8C:94,Winegard2ghzD38C93,[WPA2_PSK],2025-5-6 11:25:43,11,-84,30.6340866,-97.4336624,152.00,1.50,WIFI
02:17:1A:D3:8C:94,,[WPA2_PSK],2025-5-6 11:25:43,11,-86,30.6340866,-97.4336624,152.00,1.50,WIFI
1C:BF:CE:3D:8B:D0,Hyzom-2.4G-8BD0,[OPEN],2025-5-6 11:25:43,11,-89,30.6340866,-97.4336624,152.00,1.50,WIFI
46:D1:FA:E0:21:3B,KING_E0213A,[OPEN],2025-5-6 11:25:43,11,-92,30.6340866,-97.4336624,152.00,1.50,WIFI
18:6A:81:C7:09:97,Budah2023,[WPA2_WPA3_PSK],2025-5-6 11:25:46,1,-74,30.6335754,-97.4333572,153.00,1.50,WIFI
64:67:72:45:4E:7D,777TX,[WPA2_WPA3_PSK],2025-5-6 11:25:46,1,-78,30.6335754,-97.4333572,153.00,1.50,WIFI
0A:12:A5:01:5F:B8,,[WPA2_PSK],2025-5-6 11:25:48,3,-87,30.6332283,-97.4331512,153.70,1.50,WIFI
DA:21:F9:2A:1A:AE,,[WPA2_WPA3_PSK],2025-5-6 11:25:51,6,-82,30.6326923,-97.4328308,154.80,1.50,WIFI
B0:19:21:98:2D:76,,[WPA2_PSK],2025-5-6 11:25:53,8,-59,30.6323318,-97.4326172,155.30,1.50,WIFI
CC:40:D0:02:A7:F8,NETGEAR51,[WPA2_PSK],2025-5-6 11:25:53,8,-66,30.6323318,-97.4326172,155.30,1.50,WIFI
AA:B5:7C:7B:10:1F,,[WPA2_PSK],2025-5-6 11:26:4,6,-80,30.6302586,-97.4313583,158.60,1.50,WIFI
0E:D9:4A:D8:1C:17,moto g 5G - 2024,[WPA2_WPA3_PSK],2025-5-6 11:26:4,6,-81,30.6302586,-97.4313583,158.60,1.50,WIFI
18:A5:FF:88:3D:A2,TMOBILE-3DA0,[WPA2_WPA3_PSK],2025-5-6 11:26:6,8,-64,30.6298599,-97.4311218,159.20,1.50,WIFI
B8:3A:9D:AD:0A:8F,Chime (AD:0A:8F),[WPA_WPA2_PSK],2025-5-6 11:26:6,8,-80,30.6298599,-97.4311218,159.20,1.50,WIFI
06:5F:67:ED:9C:F2,,[WPA2_PSK],2025-5-6 11:26:8,10,-78,30.6294556,-97.4308701,159.80,1.50,WIFI
C0:06:C3:2E:1B:5E,Ramos_Deco1,[WPA2_PSK],2025-5-6 11:26:26,2,-90,30.6255169,-97.4284821,158.60,1.50,WIFI
2E:9B:5A:2F:B4:EF,Starling 2.4,[WPA2_PSK],2025-5-6 11:26:35,11,-83,30.6233482,-97.4271774,161.60,1.50,WIFI
2E:9B:5A:4F:B4:EF,,[WPA2_PSK],2025-5-6 11:26:35,11,-85,30.6233482,-97.4271774,161.60,1.50,WIFI
38:A0:67:70:9B:2B,GLRTR,[WPA2_WPA3_PSK],2025-5-6 11:26:35,11,-90,30.6233482,-97.4271774,161.60,1.50,WIFI
62:A6:E6:15:7F:AE,,[WPA2_PSK],2025-5-6 11:26:43,6,-86,30.6214256,-97.4260330,163.70,1.50,WIFI
5C:A6:E6:15:7F:AE,Ancira2023,[WPA2_PSK],2025-5-6 11:26:43,6,-87,30.6214256,-97.4260330,163.70,1.50,WIFI
B2:81:84:95:15:84,,[OPEN],2025-5-6 11:27:1,11,-30,30.6173038,-97.4236374,162.60,1.50,WIFI
8E:F5:8A:04:AD:05,GMC6425,[WPA2_WPA3_PSK],2025-5-6 11:27:9,6,-91,30.6157932,-97.4229965,161.90,1.50,WIFI
12:E8:A7:71:7B:82,myChevrolet 7B82,[WPA2_PSK],2025-5-6 11:27:10,7,-87,30.6156769,-97.4229507,161.80,1.50,WIFI
00:80:AE:A2:E0:B1,hug2g394888,[WPA2_PSK],2025-5-6 11:28:9,1,-80,30.6131477,-97.4354630,162.60,1.50,WIFI
0A:80:AE:A2:E0:B1,,[WPA2_PSK],2025-5-6 11:28:9,1,-86,30.6131477,-97.4354630,162.60,1.50,WIFI
9A:49:14:1E:F5:01,myChevrolet f501,[WPA2_PSK],2025-5-6 11:29:14,1,-81,30.6096725,-97.4538116,168.00,1.50,WIFI
B4:B0:24:9E:DD:D6,ZINN,[WPA2_PSK],2025-5-6 11:29:15,2,-82,30.6096191,-97.4540863,168.20,1.50,WIFI
BA:B0:24:9E:DD:D6,,[WPA2_PSK],2025-5-6 11:29:15,2,-87,30.6096191,-97.4540863,168.20,1.50,WIFI
74:FE:48:92:9D:E9,6838,[OPEN],2025-5-6 11:29:32,6,-89,30.6081791,-97.4588623,170.60,1.50,WIFI
BA:9F:09:35:99:48,DIRECT-MBUX 99273,[WPA2_PSK],2025-5-6 11:29:32,6,-92,30.6081791,-97.4588623,170.60,1.50,WIFI
24:CD:8D:CF:91:03,OC-1941444-rear-520072,[WPA2_PSK],2025-5-6 11:29:58,6,-90,30.6072540,-97.4663391,171.70,1.50,WIFI
4C:E1:75:BA:2A:E1,Business,[WPA2],2025-5-6 11:30:19,1,-90,30.6059723,-97.4726791,171.40,1.50,WIFI
0E:74:8B:20:59:90,Internal Revenue Service,[WPA2_PSK],2025-5-6 11:30:24,6,-82,30.6059895,-97.4741898,171.80,1.50,WIFI
0E:74:8B:40:59:90,,[WPA2_PSK],2025-5-6 11:30:24,6,-84,30.6059895,-97.4741898,171.80,1.50,WIFI
4C:E1:75:BA:2D:81,Business,[WPA2],2025-5-6 11:30:29,11,-89,30.6061802,-97.4756927,171.90,1.50,WIFI
4C:E1:75:BA:2D:80,WIoT-K,[WPA2_PSK],2025-5-6 11:30:29,11,-90,30.6061802,-97.4756927,171.90,1.50,WIFI
4C:E1:75:BA:2D:82,Koch-Personal,[OPEN],2025-5-6 11:30:29,11,-91,30.6061802,-97.4756927,171.90,1.50,WIFI
4C:E1:75:BA:2B:C0,WIoT-K,[WPA2_PSK],2025-5-6 11:30:50,6,-85,30.6076756,-97.4815292,172.80,1.50,WIFI
4C:E1:75:BA:2B:C2,Koch-Personal,[OPEN],2025-5-6 11:30:50,6,-87,30.6076756,-97.4815292,172.80,1.50,WIFI
4C:E1:75:BA:2B:C1,Business,[WPA2],2025-5-6 11:30:50,6,-88,30.6076756,-97.4815292,172.80,1.50,WIFI
00:80:AE:9A:A9:23,hug2g356958,[WPA2_PSK],2025-5-6 11:31:37,1,-78,30.6068878,-97.4946213,171.00,1.50,WIFI
0A:80:AE:9A:A9:23,,[WPA2_PSK],2025-5-6 11:31:37,1,-81,30.6068878,-97.4946213,171.00,1.50,WIFI
02:24:A5:E8:C7:A0,myChevrolet4534,[WPA2_PSK],2025-5-6 11:31:37,1,-87,30.6068878,-97.4946213,171.00,1.50,WIFI
50:91:E3:09:01:8E,,[WPA2_PSK],2025-5-6 11:31:42,6,-88,30.6064968,-97.4959030,171.40,1.50,WIFI
10:7B:44:E3:F4:4C,ASUS_382344e3f44c,[WPA2_PSK],2025-5-6 11:31:42,6,-90,30.6064968,-97.4959030,171.40,1.50,WIFI
60:B7:6E:8A:EB:52,PRETTY FLY 4 A WIFI,[WPA2_PSK],2025-5-6 11:31:47,11,-86,30.6061001,-97.4971466,171.90,1.50,WIFI
3C:5C:F1:EB:64:82,,[WPA3_PSK],2025-5-6 11:31:51,1,-84,30.6057835,-97.4981308,172.30,1.50,WIFI
08:B4:B1:34:69:3C,KEITHSINTEXAS,[WPA2_PSK],2025-5-6 11:31:56,6,-82,30.6053867,-97.4993973,172.80,1.50,WIFI
F8:55:CD:89:E7:B9,HotspotgAzC,[WPA_WPA2_PSK],2025-5-6 11:32:49,6,-83,30.6006546,-97.5125351,180.70,1.50,WIFI
5C:C5:63:8B:02:19,DC_1922292996,[WPA2_PSK],2025-5-6 11:33:3,6,-86,30.6007557,-97.5163116,180.40,1.50,WIFI
FC:DB:21:74:3A:24,james,[WPA2_WPA3_PSK],2025-5-6 11:34:34,6,-78,30.5969143,-97.5370178,185.00,1.50,WIFI
C2:EE:40:B0:10:2C,EZLYNK_CBC86KX6,[OPEN],2025-5-6 11:34:42,1,-85,30.5969162,-97.5370178,184.90,1.50,WIFI
F0:AB:54:B2:9F:81,HEAVY CHEVY,[WPA2_PSK],2025-5-6 11:35:0,6,-86,30.5968323,-97.5372086,184.70,1.50,WIFI
10:32:2C:DD:6B:38,MB Hotspot 21882,[WPA2_PSK],2025-5-6 11:35:18,11,-94,30.5955162,-97.5403671,184.50,1.50,WIFI
F4:E2:C6:14:5E:F3,SmartRangeAxis,[WPA2_PSK],2025-5-6 11:35:31,11,-92,30.5938683,-97.5435944,181.80,1.50,WIFI
FC:DB:21:40:62:9C,TTETRUCKS,[WPA2_PSK],2025-5-6 11:35:39,6,-92,30.5926800,-97.5456390,180.80,1.50,WIFI
02:4D:5C:0D:3F:E4,CenturyLink8520,[WPA2_PSK],2025-5-6 11:35:39,6,-93,30.5926800,-97.5456390,180.80,1.50,WIFI
F4:E2:C6:14:5B:F5,SmartRangeAxis,[WPA2_PSK],2025-5-6 11:35:57,11,-89,30.5911236,-97.5497437,185.90,1.50,WIFI
02:73:93:73:B6:00,vsat-24g-95ECA8,[WPA2_PSK],2025-5-6 11:35:57,11,-89,30.5911236,-97.5497437,185.90,1.50,WIFI
94:98:8F:50:0B:47,Raquelito,[WPA2_WPA3_PSK],2025-5-6 11:36:0,1,-78,30.5909595,-97.5503235,186.70,1.50,WIFI
02:13:D3:82:0D:4F,CenturyLink4458,[WPA2_PSK],2025-5-6 11:36:0,1,-80,30.5909595,-97.5503235,186.70,1.50,WIFI
76:AE:CE:D2:72:AA,WiFi87,[WPA2_PSK],2025-5-6 11:36:9,10,-91,30.5903549,-97.5522308,189.60,1.50,WIFI
72:7D:BB:21:1B:88,Mars Rover 4,[WPA2_PSK],2025-5-6 11:36:13,1,-71,30.5900726,-97.5531387,191.00,1.50,WIFI
72:7D:BB:61:1B:88,,[WPA2_PSK],2025-5-6 11:36:13,1,-73,30.5900726,-97.5531387,191.00,1.50,WIFI
58:96:71:57:A9:E6,Verizon_QY7LH4,[WPA2_PSK],2025-5-6 11:36:18,6,-88,30.5897198,-97.5542526,192.70,1.50,WIFI
88:DE:7C:BE:31:82,Verizon_YXGR49,[WPA2_PSK],2025-5-6 11:36:26,1,-84,30.5891914,-97.5558701,194.90,1.50,WIFI
AC:91:9B:86:01:F6,Verizon_LBTGJ7,[WPA2_PSK],2025-5-6 11:37:23,6,-93,30.5877895,-97.5699997,197.10,1.50,WIFI
E6:37:5F:09:29:FB,,[WPA2_PSK],2025-5-6 11:38:7,11,-82,30.5905724,-97.5806427,205.40,1.50,WIFI
74:37:5F:09:29:FB,SpectrumSetup-F9,[WPA2_PSK],2025-5-6 11:38:7,11,-84,30.5905724,-97.5806427,205.40,1.50,WIFI
14:7D:05:96:35:2B,SpectrumSetup-29,[WPA2_PSK],2025-5-6 11:38:7,11,-90,30.5905724,-97.5806427,205.40,1.50,WIFI
E8:26:89:91:24:25,TSC_Customer_Wi-Fi,[OPEN],2025-5-6 11:38:15,6,-83,30.5913849,-97.5825729,206.40,1.50,WIFI
E8:26:89:91:24:20,,[WPA_PSK],2025-5-6 11:38:15,6,-84,30.5913849,-97.5825729,206.40,1.50,WIFI
7C:57:3C:1D:B0:61,,[WPA2_PSK],2025-5-6 11:38:15,6,-87,30.5913849,-97.5825729,206.40,1.50,WIFI
9E:A3:A9:C4:92:CA,,[WPA2_PSK],2025-5-6 11:38:17,8,-77,30.5915756,-97.5830917,207.40,1.50,WIFI
7C:57:3C:25:D2:01,,[WPA2_PSK],2025-5-6 11:38:20,11,-79,30.5918674,-97.5838623,209.30,1.50,WIFI
7C:57:3C:25:D2:05,TSC_Customer_Wi-Fi,[OPEN],2025-5-6 11:38:20,11,-79,30.5918674,-97.5838623,209.30,1.50,WIFI
7C:57:3C:25:D2:00,,[WPA_PSK],2025-5-6 11:38:20,11,-80,30.5918674,-97.5838623,209.30,1.50,WIFI
7C:57:3C:25:D2:02,,[WPA2_PSK],2025-5-6 11:38:20,11,-80,30.5918674,-97.5838623,209.30,1.50,WIFI
7C:57:3C:25:D2:03,the593,[WPA2_PSK],2025-5-6 11:38:20,11,-80,30.5918674,-97.5838623,209.30,1.50,WIFI
E8:26:89:4C:7C:80,,[WPA_PSK],2025-5-6 11:38:23,1,-68,30.5921249,-97.5846252,211.10,1.50,WIFI
E8:26:89:4C:7C:81,,[WPA2_PSK],2025-5-6 11:38:23,1,-68,30.5921249,-97.5846252,211.10,1.50,WIFI
E8:26:89:4C:7C:82,,[WPA2_PSK],2025-5-6 11:38:23,1,-69,30.5921249,-97.5846252,211.10,1.50,WIFI
E8:26:89:4C:7C:85,TSC_Customer_Wi-Fi,[OPEN],2025-5-6 11:38:23,1,-70,30.5921249,-97.5846252,211.10,1.50,WIFI
E8:26:89:4C:7C:83,the593,[WPA2_PSK],2025-5-6 11:38:23,1,-73,30.5921249,-97.5846252,211.10,1.50,WIFI
50:E4:E0:9D:B1:42,HoltCat_Employee,[WPA2],2025-5-6 11:38:23,1,-82,30.5921249,-97.5846252,211.10,1.50,WIFI
50:E4:E0:9D:B1:44,,[WPA2_PSK],2025-5-6 11:38:23,1,-83,30.5921249,-97.5846252,211.10,1.50,WIFI
7C:57:3C:1C:20:C4,,[WPA2_PSK],2025-5-6 11:38:23,1,-88,30.5921249,-97.5846252,211.10,1.50,WIFI
E8:26:89:9A:92:44,,[WPA2_PSK],2025-5-6 11:38:23,1,-91,30.5921249,-97.5846252,211.10,1.50,WIFI
7C:57:3C:1D:B0:60,,[WPA_PSK],2025-5-6 11:38:28,6,-80,30.5923786,-97.5859299,212.60,1.50,WIFI
7C:57:3C:1D:B0:62,,[WPA2_PSK],2025-5-6 11:38:28,6,-80,30.5923786,-97.5859299,212.60,1.50,WIFI
7C:57:3C:1D:B0:63,the593,[WPA2_PSK],2025-5-6 11:38:28,6,-80,30.5923786,-97.5859299,212.60,1.50,WIFI
7C:57:3C:1D:B0:64,,[WPA2_PSK],2025-5-6 11:38:28,6,-81,30.5923786,-97.5859299,212.60,1.50,WIFI
E8:26:89:96:66:E5,TSC_Customer_Wi-Fi,[OPEN],2025-5-6 11:38:28,6,-86,30.5923786,-97.5859299,212.60,1.50,WIFI
FC:DB:21:2D:DA:1C,Samsara PSC  Mobile Hot Spot,[WPA2_PSK],2025-5-6 11:38:28,6,-88,30.5923786,-97.5859299,212.60,1.50,WIFI
E8:26:89:96:66:E4,,[WPA2_PSK],2025-5-6 11:38:28,6,-89,30.5923786,-97.5859299,212.60,1.50,WIFI
FC:DB:21:2D:F2:BA,Samsara PSC  Mobile Hot Spot,[WPA2_PSK],2025-5-6 11:38:28,6,-89,30.5923786,-97.5859299,212.60,1.50,WIFI
AE:05:D6:77:74:C4,,[WPA2_PSK],2025-5-6 11:38:28,6,-91,30.5923786,-97.5859299,212.60,1.50,WIFI
0C:73:29:E1:12:E8,SpectrumSetup-E6,[WPA2_PSK],2025-5-6 11:38:33,11,-96,30.5924244,-97.5872421,210.80,1.50,WIFI
10:56:CA:BC:16:28,512-ADJ,[WPA2_PSK],2025-5-6 11:38:36,1,-86,30.5923576,-97.5880203,210.40,1.50,WIFI
A2:05:D6:77:6C:F0,AAA-AU Equipment,[WPA2_PSK],2025-5-6 11:38:41,6,-78,30.5920773,-97.5892639,213.10,1.50,WIFI
9C:05:D6:77:6C:F0,AAA-AU Staff,[WPA2_PSK],2025-5-6 11:38:41,6,-79,30.5920773,-97.5892639,213.10,1.50,WIFI
AA:05:D6:77:6C:F0,,[WPA2_PSK],2025-5-6 11:38:41,6,-80,30.5920773,-97.5892639,213.10,1.50,WIFI
00:25:CA:AE:49:01,Motive AABL36ND503690,[WPA2_PSK],2025-5-6 11:38:41,6,-92,30.5920773,-97.5892639,213.10,1.50,WIFI
24:CD:8D:D1:AA:6F,OC-470117,[WPA2_PSK],2025-5-6 11:38:41,6,-93,30.5920773,-97.5892639,213.10,1.50,WIFI
50:E4:E0:9D:9D:E3,HoltCat_Guest,[OPEN],2025-5-6 11:38:46,11,-83,30.5918102,-97.5901566,215.60,1.50,WIFI
50:E4:E0:9D:9D:E4,,[WPA2_PSK],2025-5-6 11:38:46,11,-86,30.5918102,-97.5901566,215.60,1.50,WIFI
50:E4:E0:9D:9D:E2,HoltCat_Employee,[WPA2],2025-5-6 11:38:46,11,-87,30.5918102,-97.5901566,215.60,1.50,WIFI
DC:8D:8A:DE:89:6F,JLG - TMOBILE,[WPA_WPA2_PSK],2025-5-6 11:38:49,1,-73,30.5916767,-97.5906372,217.00,1.50,WIFI
28:87:BA:5F:B5:8A,Neans,[WPA2_PSK],2025-5-6 11:38:53,4,-89,30.5915432,-97.5911026,218.40,1.50,WIFI
2E:87:BA:5F:B5:8A,,[WPA2_PSK],2025-5-6 11:38:53,4,-89,30.5915432,-97.5911026,218.40,1.50,WIFI
A6:05:D6:77:6C:F0,AAA-Guest,[WPA2_PSK],2025-5-6 11:38:55,6,-79,30.5914860,-97.5912857,218.80,1.50,WIFI
AE:05:D6:77:6C:F0,,[WPA2_PSK],2025-5-6 11:38:55,6,-81,30.5914860,-97.5912857,218.80,1.50,WIFI
98:5D:46:04:87:4C,PNet11009274,[WPA2_PSK],2025-5-6 11:38:55,6,-86,30.5914860,-97.5912857,218.80,1.50,WIFI
C0:D3:91:EB:BE:90,HOLTCAT WIFI,[WPA2_PSK],2025-5-6 11:38:55,6,-90,30.5914860,-97.5912857,218.80,1.50,WIFI
FC:DB:21:36:A8:2C,sherwinvg,[WPA2_PSK],2025-5-6 11:38:55,6,-93,30.5914860,-97.5912857,218.80,1.50,WIFI
A6:05:D6:77:78:3F,AAA-Guest,[WPA2_PSK],2025-5-6 11:39:0,11,-89,30.5914154,-97.5915070,219.50,1.50,WIFI
00:54:AF:88:BC:F3,HotspotBCF3,[WPA_WPA2_PSK],2025-5-6 11:39:8,6,-78,30.5914135,-97.5915146,219.40,1.50,WIFI
00:25:CA:56:B3:75,PNet6122828,[WPA2_PSK],2025-5-6 11:39:8,6,-91,30.5914135,-97.5915146,219.40,1.50,WIFI
7C:0C:F6:07:F4:FC,Dash-0460,[WPA2_PSK],2025-5-6 11:39:21,6,-87,30.5914116,-97.5915146,219.30,1.50,WIFI
9C:05:D6:CC:2C:9A,AAA-AU Staff,[WPA2_PSK],2025-5-6 11:39:39,11,-87,30.5909252,-97.5929565,223.00,1.50,WIFI
9E:05:D6:9C:2C:9A,AAA-AU Equipment,[WPA2_PSK],2025-5-6 11:39:39,11,-88,30.5909252,-97.5929565,223.00,1.50,WIFI
9E:05:D6:AC:2C:9A,AAA-Guest,[WPA2_PSK],2025-5-6 11:39:39,11,-88,30.5909252,-97.5929565,223.00,1.50,WIFI
9C:05:D6:77:78:3F,AAA-AU Staff,[WPA2_PSK],2025-5-6 11:39:52,11,-86,30.5907764,-97.5934372,223.40,1.50,WIFI
94:83:C4:10:D2:92,SC912,[WPA2_PSK],2025-5-6 11:39:52,11,-89,30.5907764,-97.5934372,223.40,1.50,WIFI
50:E4:E0:9D:B1:43,HoltCat_Guest,[OPEN],2025-5-6 11:39:55,1,-84,30.5907764,-97.5934372,223.40,1.50,WIFI
B2:81:84:95:15:84,,[WPA2_PSK],2025-5-6 11:40:5,11,-23,30.5905075,-97.5937042,223.30,1.50,WIFI
22:AD:56:34:4B:F7,Hotspot4BF7,[WPA_WPA2_PSK],2025-5-6 11:40:18,11,-92,30.5889721,-97.5925751,213.60,1.50,WIFI
FC:DB:21:2A:09:CE,HOLTCAT WIFI,[WPA2_PSK],2025-5-6 11:40:26,6,-88,30.5876484,-97.5917206,213.90,1.50,WIFI
FC:DB:21:27:3A:6F,HOLTCAT WIFI,[WPA2_PSK],2025-5-6 11:40:26,6,-91,30.5876484,-97.5917206,213.90,1.50,WIFI
E8:FB:1C:1A:1A:75,RO27348,[WPA2_PSK],2025-5-6 11:40:31,11,-93,30.5866699,-97.5912018,214.20,1.50,WIFI
CE:57:63:0C:6E:1A,TOYOTA Sequoia-2.4g_0c6e1a,[WPA2_PSK],2025-5-6 11:40:34,1,-92,30.5860519,-97.5908508,214.40,1.50,WIFI
DA:55:A8:24:74:F1,,[WPA2_PSK],2025-5-6 11:40:57,11,-84,30.5805511,-97.5874557,211.40,1.50,WIFI
E4:55:A8:24:74:F1,EquipmentShare Austin,[WPA2_PSK],2025-5-6 11:40:57,11,-85,30.5805511,-97.5874557,211.40,1.50,WIFI
E2:55:A8:24:74:F1,EquipmentShare Guest,[WPA2_PSK],2025-5-6 11:40:57,11,-86,30.5805511,-97.5874557,211.40,1.50,WIFI
78:F2:35:3C:3B:C2,ST-003F00AD2D,[OPEN],2025-5-6 11:41:0,1,-89,30.5797367,-97.5869675,210.80,1.50,WIFI
00:54:AF:DC:38:8F,Hotspot388F,[WPA_WPA2_PSK],2025-5-6 11:41:3,4,-78,30.5789185,-97.5864944,211.30,1.50,WIFI
18:A5:FF:07:C9:7C,PowerHub,[WPA2_WPA3_PSK],2025-5-6 11:41:7,8,-88,30.5778160,-97.5859375,213.00,1.50,WIFI
F0:A8:82:8C:5A:E8,8C3011S0,[WPA2_PSK],2025-5-6 11:41:18,6,-79,30.5745926,-97.5845642,212.30,1.50,WIFI
00:25:CA:74:2B:1D,KeepTruckin Hotspot - QC251711,[WPA2_PSK],2025-5-6 11:41:18,6,-87,30.5745926,-97.5845642,212.30,1.50,WIFI
FC:DB:21:5D:76:84,Carter-Express,[WPA2_PSK],2025-5-6 11:41:31,6,-86,30.5707378,-97.5829620,201.70,1.50,WIFI
FA:6D:CC:B5:1E:C3,StanTruck,[WPA2_PSK],2025-5-6 11:41:45,7,-88,30.5668888,-97.5813522,198.20,1.50,WIFI
B4:62:2E:32:E1:B4,Moxee Tether09_2.4G,[WPA_WPA2_PSK],2025-5-6 11:41:49,11,-89,30.5658226,-97.5809097,197.50,1.50,WIFI
A0:21:B7:61:1D:6C,arrington,[WPA_WPA2_PSK],2025-5-6 11:42:2,11,-93,30.5625076,-97.5795670,194.80,1.50,WIFI
22:AD:56:49:BA:FD,HotspotBAFD,[WPA_WPA2_PSK],2025-5-6 11:42:2,11,-93,30.5625076,-97.5795670,194.80,1.50,WIFI
7A:01:B1:3B:E6:A2,Dash-3146,[WPA2_PSK],2025-5-6 11:42:5,1,-80,30.5617008,-97.5792389,193.60,1.50,WIFI
22:AD:56:40:44:E3,Hotspot44E3,[WPA_WPA2_PSK],2025-5-6 11:42:10,6,-89,30.5603046,-97.5786743,190.30,1.50,WIFI
28:3D:E8:E2:93:1E,ROVE_R2-4K_e2931e,[WPA_WPA2_PSK],2025-5-6 11:42:18,1,-87,30.5580482,-97.5778046,185.00,1.50,WIFI
C0:4B:24:93:68:2C,A4_93682c,[WPA2_PSK],2025-5-6 11:42:18,1,-88,30.5580482,-97.5778046,185.00,1.50,WIFI
00:25:CA:AA:4F:6D,Motive AABL36ND512525,[WPA2_PSK],2025-5-6 11:42:23,6,-88,30.5565701,-97.5774231,184.30,1.50,WIFI
32:B4:B8:56:ED:92,My VW 2836,[WPA2_PSK],2025-5-6 11:42:23,6,-92,30.5565701,-97.5774231,184.30,1.50,WIFI
00:0A:99:8A:66:AC,18449,[WPA_PSK],2025-5-6 11:42:28,11,-85,30.5550518,-97.5772095,186.00,1.50,WIFI
80:AF:CA:23:B0:58,Cudy-B058,[WPA_WPA2_PSK],2025-5-6 11:42:52,9,-86,30.5483608,-97.5769501,182.90,1.50,WIFI
00:0A:99:8B:A2:7D,LP05162,[WPA_PSK],2025-5-6 11:43:7,11,-85,30.5439434,-97.5767822,179.10,1.50,WIFI
B2:00:73:3E:22:A6,Prosit,[WPA2_PSK],2025-5-6 11:43:7,11,-88,30.5439434,-97.5767822,179.10,1.50,WIFI
52:B3:B4:06:6F:0A,Guest-WiFi-1131DB,[WPA2_PSK],2025-5-6 11:43:10,1,-90,30.5430489,-97.5767593,178.60,1.50,WIFI
9E:A3:A9:6E:B3:9D,,[WPA2_PSK],2025-5-6 11:43:21,12,-93,30.5398159,-97.5766449,181.00,1.50,WIFI
98:5D:46:5B:87:09,PNet6711736,[WPA2_PSK],2025-5-6 11:43:28,6,-65,30.5377998,-97.5765762,182.00,1.50,WIFI
D6:21:F9:37:AA:14,Youngblood Guest,[WPA2_PSK],2025-5-6 11:43:28,6,-89,30.5377998,-97.5765762,182.00,1.50,WIFI
50:91:E3:68:8A:DC,Lulu,[WPA2_PSK],2025-5-6 11:43:31,9,-92,30.5369320,-97.5765533,181.60,1.50,WIFI
CA:41:1E:6F:07:49,Compton2,[WPA2_PSK],2025-5-6 11:43:32,10,-87,30.5366440,-97.5765457,181.40,1.50,WIFI
6A:7F:F0:04:0D:D2,FBI Van,[WPA2_WPA3_PSK],2025-5-6 11:43:37,2,-80,30.5352020,-97.5764847,179.50,1.50,WIFI
62:E6:F0:03:4B:6B,myChevrolet 4b6b,[WPA2_PSK],2025-5-6 11:43:49,1,-78,30.5316639,-97.5763626,171.30,1.50,WIFI
98:5D:46:1D:D4:E9,PNet6585383,[WPA2_PSK],2025-5-6 11:43:49,1,-87,30.5316639,-97.5763626,171.30,1.50,WIFI
FA:6D:CC:FF:64:2D,2024 GMC Sierr,[WPA2_PSK],2025-5-6 11:43:55,7,-89,30.5298519,-97.5762939,168.60,1.50,WIFI
C8:9E:43:C9:2B:97,Choi,[WPA2_PSK],2025-5-6 11:43:56,8,-90,30.5295467,-97.5762863,168.70,1.50,WIFI
B4:FB:E4:BA:76:94,NEWHUTTOBRIDGE,[WPA2_PSK],2025-5-6 11:43:59,11,-90,30.5286274,-97.5762558,169.40,1.50,WIFI
74:37:5F:DB:CB:53,Roselin,[WPA2_PSK],2025-5-6 11:44:20,6,-64,30.5223351,-97.5760422,168.40,1.50,WIFI
18:A5:FF:67:8C:F2,RubensWifi,[WPA2_WPA3_PSK],2025-5-6 11:44:20,6,-71,30.5223351,-97.5760422,168.40,1.50,WIFI
4C:AB:F8:6A:B4:F7,SpectrumSetup-F9,[WPA2_PSK],2025-5-6 11:44:20,6,-84,30.5223351,-97.5760422,168.40,1.50,WIFI
70:C9:12:6C:6F:FB,ST-00D203C140,[OPEN],2025-5-6 11:44:25,11,-71,30.5210152,-97.5759888,170.10,1.50,WIFI
BC:96:E5:80:CF:8B,SpectrumSetup-CF87,[WPA2_PSK],2025-5-6 11:44:25,11,-79,30.5210152,-97.5759888,170.10,1.50,WIFI
26:CD:8D:26:98:A8,DIRECT-uP-Car_a102,[WPA2_PSK],2025-5-6 11:44:25,11,-88,30.5210152,-97.5759888,170.10,1.50,WIFI
A0:7F:8A:25:DD:4D,SpectrumSetup-DD47,[WPA2_PSK],2025-5-6 11:44:28,1,-80,30.5202198,-97.5759659,172.70,1.50,WIFI
00:54:AF:94:60:03,Hotspot6003,[WPA_WPA2_PSK],2025-5-6 11:44:33,6,-86,30.5189400,-97.5759201,176.90,1.50,WIFI
00:21:7E:06:35:EA,atrack_wifi,[WPA_WPA2_PSK],2025-5-6 11:44:33,6,-87,30.5189400,-97.5759201,176.90,1.50,WIFI
A4:97:33:12:12:E4,Marita,[WPA2_PSK],2025-5-6 11:44:33,6,-88,30.5189400,-97.5759201,176.90,1.50,WIFI
A0:55:1F:7F:F5:CA,SpectrumSetup-F5C4,[WPA2_PSK],2025-5-6 11:44:38,11,-86,30.5177441,-97.5758743,180.70,1.50,WIFI
54:07:7D:41:6D:46,mr_gerbik,[WPA2_PSK],2025-5-6 11:44:49,9,-88,30.5151157,-97.5757904,188.30,1.50,WIFI
F0:2F:74:C1:CB:28,BrooklynNYC21,[WPA2_PSK],2025-5-6 11:44:50,10,-86,30.5148602,-97.5757751,188.80,1.50,WIFI
BC:96:E5:38:15:0A,SabinaDeleon,[WPA2_PSK],2025-5-6 11:44:51,11,-82,30.5145969,-97.5757751,189.20,1.50,WIFI
74:37:5F:8D:48:27,SpectrumSetup-25,[WPA2_PSK],2025-5-6 11:44:54,1,-77,30.5138092,-97.5757370,190.40,1.50,WIFI
4C:ED:FB:8F:61:A0,FullMetal2G,[WPA2_PSK],2025-5-6 11:44:56,3,-88,30.5132809,-97.5757217,191.00,1.50,WIFI
F4:EA:B5:F4:DA:D9,CrashTech,[WPA2_PSK],2025-5-6 11:44:59,6,-76,30.5125046,-97.5757065,191.40,1.50,WIFI
B8:9F:09:D0:88:E4,hum96081,[WPA2_PSK],2025-5-6 11:44:59,6,-83,30.5125046,-97.5757065,191.40,1.50,WIFI
2C:30:33:E8:6B:83,MyOptimum ad6f67_2GEXT,[WPA2_PSK],2025-5-6 11:44:59,6,-87,30.5125046,-97.5757065,191.40,1.50,WIFI
B6:05:2A:02:02:27,GMC8506,[WPA2_WPA3_PSK],2025-5-6 11:45:4,11,-84,30.5112247,-97.5757751,191.20,1.50,WIFI
F0:9C:E9:E7:70:19,CrashTech,[WPA2_PSK],2025-5-6 11:45:4,11,-86,30.5112247,-97.5757751,191.20,1.50,WIFI
CC:64:1A:3D:31:91,GKU-D600-3d3191,[WPA2_PSK],2025-5-6 11:45:4,11,-87,30.5112247,-97.5757751,191.20,1.50,WIFI
F8:96:FE:3C:DF:F0,Samuel wifi,[WPA2_WPA3_PSK],2025-5-6 11:45:12,6,-86,30.5091915,-97.5762787,190.30,1.50,WIFI
CC:C2:61:32:CC:6E,Driveri:264108680,[WPA_WPA2_PSK],2025-5-6 11:45:12,6,-87,30.5091915,-97.5762787,190.30,1.50,WIFI
90:D3:CF:35:41:FB,SpectrumSetup-EF,[WPA2_PSK],2025-5-6 11:45:17,11,-81,30.5079556,-97.5768356,190.10,1.50,WIFI
F8:5B:3B:A2:67:FB,Spectrum_HYE,[WPA2_PSK],2025-5-6 11:45:20,1,-84,30.5072556,-97.5772476,190.60,1.50,WIFI
5E:E9:31:2A:C7:48,,[WPA2_PSK],2025-5-6 11:45:23,3,-84,30.5065727,-97.5776749,191.90,1.50,WIFI
88:DE:7C:C3:E4:A9,SpectrumSetup-AB,[WPA2_PSK],2025-5-6 11:45:26,6,-81,30.5058937,-97.5780792,193.50,1.50,WIFI
FC:12:63:00:84:4C,Kleighs_Wifi,[WPA2_PSK],2025-5-6 11:45:31,11,-89,30.5047684,-97.5787659,196.10,1.50,WIFI
00:54:AF:D5:DD:A0,HotspotDDA0,[WPA_WPA2_PSK],2025-5-6 11:45:33,1,-87,30.5043373,-97.5790329,197.20,1.50,WIFI
34:53:D2:C8:1E:16,SpectrumSetup-10,[WPA2_PSK],2025-5-6 11:45:45,11,-91,30.5023117,-97.5802612,201.60,1.50,WIFI
00:30:44:68:4B:E2,TeslaWiFi_Mercury,[WPA2],2025-5-6 11:45:45,11,-91,30.5023117,-97.5802612,201.60,1.50,WIFI
00:54:AF:5D:FA:3B,HotspotFA3B,[WPA_WPA2_PSK],2025-5-6 11:46:0,1,-84,30.4995842,-97.5818024,205.40,1.50,WIFI
98:1E:19:2F:1B:A6,MySpectrumWiFia0-2G,[WPA2_PSK],2025-5-6 11:46:0,1,-89,30.4995842,-97.5818024,205.40,1.50,WIFI
18:58:80:B9:72:11,joestornes,[WPA2_WPA3_PSK],2025-5-6 11:46:5,5,-81,30.4985046,-97.5822678,207.30,1.50,WIFI
28:38:5C:0A:EF:E5,HotspotANXk,[WPA_WPA2_PSK],2025-5-6 11:46:5,6,-72,30.4985046,-97.5822678,207.30,1.50,WIFI
94:91:7F:7A:35:E5,Bush's Chicken,[WPA2_PSK],2025-5-6 11:46:5,6,-88,30.4985046,-97.5822678,207.30,1.50,WIFI
74:37:5F:A1:44:FF,Urithiru,[WPA2_PSK],2025-5-6 11:46:5,6,-88,30.4985046,-97.5822678,207.30,1.50,WIFI
12:E8:A7:F7:E1:53,Villarreal,[WPA2_PSK],2025-5-6 11:46:6,7,-82,30.4982834,-97.5823517,207.70,1.50,WIFI
5C:FC:E1:27:08:73,NewThermostat_270873,[OPEN],2025-5-6 11:46:13,1,-82,30.4967594,-97.5828629,208.80,1.50,WIFI
1C:14:48:76:BA:E0,ATT8q3W5r6,[WPA2_PSK],2025-5-6 11:46:13,1,-86,30.4967594,-97.5828629,208.80,1.50,WIFI
AA:2E:84:AC:80:EA,MySpaceNet,[WPA2_PSK],2025-5-6 11:46:17,4,-83,30.4958363,-97.5831146,209.20,1.50,WIFI
BC:96:E5:58:A2:C0,Arkham Asylum,[WPA2_PSK],2025-5-6 11:46:19,6,-88,30.4953671,-97.5832138,209.30,1.50,WIFI
22:AD:56:41:3A:13,Hotspot3A13,[WPA_WPA2_PSK],2025-5-6 11:46:24,11,-85,30.4941483,-97.5834579,209.40,1.50,WIFI
34:53:D2:30:97:06,Max,[WPA2_PSK],2025-5-6 11:46:24,11,-90,30.4941483,-97.5834579,209.40,1.50,WIFI
22:AD:56:4C:B5:7E,HotspotB57E,[WPA_WPA2_PSK],2025-5-6 11:46:27,1,-75,30.4934196,-97.5836258,208.90,1.50,WIFI
48:A4:72:E3:89:C9,RR827683,[WPA2_PSK],2025-5-6 11:46:27,1,-85,30.4934196,-97.5836258,208.90,1.50,WIFI
90:93:5A:15:B6:DB,G34-5189,[WPA2_WPA3_PSK],2025-5-6 11:46:32,6,-83,30.4922237,-97.5838547,207.10,1.50,WIFI
32:8D:DB:7A:97:F4,,[WPA2_PSK],2025-5-6 11:46:37,11,-65,30.4910240,-97.5840836,204.30,1.50,WIFI
C4:EB:42:92:06:D7,TMOBILE-06D1,[WPA2_WPA3_PSK],2025-5-6 11:46:40,1,-83,30.4902802,-97.5842133,201.80,1.50,WIFI
32:24:A9:B3:41:AD,DIRECT-AD-HP OfficeJet Pro 7740,[WPA2_PSK],2025-5-6 11:46:40,1,-90,30.4902802,-97.5842133,201.80,1.50,WIFI
92:17:C8:10:AE:C3,,[WPA2_PSK],2025-5-6 11:46:45,6,-83,30.4889965,-97.5844498,197.80,1.50,WIFI
70:C9:12:DF:E3:50,ST-00D203F713,[OPEN],2025-5-6 11:46:45,6,-87,30.4889965,-97.5844498,197.80,1.50,WIFI
A8:40:0B:52:17:66,HotspotaapZ,[WPA_WPA2_PSK],2025-5-6 11:46:45,6,-88,30.4889965,-97.5844498,197.80,1.50,WIFI
22:AD:56:22:0B:74,Hotspot0B74,[WPA_WPA2_PSK],2025-5-6 11:46:53,1,-84,30.4868259,-97.5848618,190.70,1.50,WIFI
00:25:CA:4D:EE:4D,KeepTruckin Hotspot - 01440207,[WPA2_PSK],2025-5-6 11:46:58,6,-84,30.4855003,-97.5852051,188.50,1.50,WIFI
10:0C:6B:64:D4:2B,Bluehawk,[WPA2_PSK],2025-5-6 11:47:9,4,-92,30.4826717,-97.5863647,189.00,1.50,WIFI
00:80:AE:B6:AA:44,hug2g279533,[WPA2_PSK],2025-5-6 11:47:11,6,-78,30.4821911,-97.5866470,189.00,1.50,WIFI
FC:DB:21:3F:BC:0F,Samsara_ELD,[WPA2_PSK],2025-5-6 11:47:11,6,-86,30.4821911,-97.5866470,189.00,1.50,WIFI
34:98:B5:60:97:53,NETGEAR52,[WPA2_PSK],2025-5-6 11:47:16,11,-85,30.4810371,-97.5873871,189.90,1.50,WIFI
0E:2C:16:20:2E:8C,MeceyWifi,[WPA2_PSK],2025-5-6 11:47:18,1,-82,30.4805965,-97.5877075,190.70,1.50,WIFI
0E:2C:16:80:2E:8C,,[WPA2_PSK],2025-5-6 11:47:18,1,-85,30.4805965,-97.5877075,190.70,1.50,WIFI
46:EB:2E:FF:2A:75,RICHI$ CHEVY,[WPA2_PSK],2025-5-6 11:47:24,6,-83,30.4792747,-97.5886230,192.30,1.50,WIFI
B2:81:84:95:15:84,,[WPA2_PSK],2025-5-6 11:47:42,11,-24,30.4757271,-97.5916367,209.70,1.50,WIFI
7A:01:B1:3B:47:EA,Dash-9548,[WPA2_PSK],2025-5-6 11:47:50,6,-89,30.4752007,-97.5937042,213.70,1.50,WIFI
22:AD:56:4F:6D:32,Hotspot6D32,[WPA_WPA2_PSK],2025-5-6 11:48:12,1,-82,30.4771156,-97.5991745,201.80,1.50,WIFI
FC:DB:21:1A:2C:4D,Capstar Hotspot,[WPA2_PSK],2025-5-6 11:48:17,6,-77,30.4777794,-97.6005936,204.20,1.50,WIFI
78:29:ED:4B:88:8D,MySpectrumWiFi8F-2G,[WPA2_PSK],2025-5-6 11:48:17,6,-87,30.4777794,-97.6005936,204.20,1.50,WIFI
70:47:77:50:E2:88,CHP_Guest,[WPA2_PSK],2025-5-6 11:48:17,6,-88,30.4777794,-97.6005936,204.20,1.50,WIFI
5A:E4:03:1A:FA:22,myGMC FA22,[WPA2_PSK],2025-5-6 11:48:18,7,-85,30.4779167,-97.6008682,205.10,1.50,WIFI
12:09:0D:FD:80:E3,,[WPA2_PSK],2025-5-6 11:48:20,9,-82,30.4781914,-97.6014404,206.90,1.50,WIFI
70:47:77:90:BB:58,CHP_Admin,[WPA2_PSK],2025-5-6 11:48:22,11,-81,30.4784679,-97.6020050,208.40,1.50,WIFI
70:47:77:D0:BB:58,CHP_Staff,[WPA2_PSK],2025-5-6 11:48:22,11,-83,30.4784679,-97.6020050,208.40,1.50,WIFI
70:47:77:10:7B:E8,CHP_Resident,[WPA2_PSK],2025-5-6 11:48:22,11,-84,30.4784679,-97.6020050,208.40,1.50,WIFI
70:47:77:50:7B:E8,CHP_Guest,[WPA2_PSK],2025-5-6 11:48:22,11,-84,30.4784679,-97.6020050,208.40,1.50,WIFI
70:47:77:D0:7B:E8,CHP_Staff,[WPA2_PSK],2025-5-6 11:48:22,11,-84,30.4784679,-97.6020050,208.40,1.50,WIFI
70:47:77:10:BB:58,CHP_Resident,[WPA2_PSK],2025-5-6 11:48:22,11,-84,30.4784679,-97.6020050,208.40,1.50,WIFI
70:47:77:90:7B:E8,CHP_Admin,[WPA2_PSK],2025-5-6 11:48:22,11,-85,30.4784679,-97.6020050,208.40,1.50,WIFI
70:47:77:8D:E7:38,CHP_Admin,[WPA2_PSK],2025-5-6 11:48:22,11,-87,30.4784679,-97.6020050,208.40,1.50,WIFI
70:47:77:CD:E7:38,CHP_Staff,[WPA2_PSK],2025-5-6 11:48:22,11,-87,30.4784679,-97.6020050,208.40,1.50,WIFI
70:47:77:50:BF:48,CHP_Guest,[WPA2_PSK],2025-5-6 11:48:22,11,-87,30.4784679,-97.6020050,208.40,1.50,WIFI
70:47:77:D0:BF:48,CHP_Staff,[WPA2_PSK],2025-5-6 11:48:22,11,-87,30.4784679,-97.6020050,208.40,1.50,WIFI
70:47:77:D0:7C:B8,CHP_Staff,[WPA2_PSK],2025-5-6 11:48:22,11,-92,30.4784679,-97.6020050,208.40,1.50,WIFI
70:47:77:50:BB:B8,CHP_Guest,[WPA2_PSK],2025-5-6 11:48:25,1,-83,30.4788895,-97.6028748,209.50,1.50,WIFI
70:47:77:D0:D0:98,CHP_Staff,[WPA2_PSK],2025-5-6 11:48:25,1,-83,30.4788895,-97.6028748,209.50,1.50,WIFI
70:47:77:10:D0:98,CHP_Resident,[WPA2_PSK],2025-5-6 11:48:25,1,-85,30.4788895,-97.6028748,209.50,1.50,WIFI
70:47:77:D0:88:E8,CHP_Staff,[WPA2_PSK],2025-5-6 11:48:25,1,-86,30.4788895,-97.6028748,209.50,1.50,WIFI
70:47:77:50:91:F8,CHP_Guest,[WPA2_PSK],2025-5-6 11:48:25,1,-87,30.4788895,-97.6028748,209.50,1.50,WIFI
70:47:77:D0:91:F8,CHP_Staff,[WPA2_PSK],2025-5-6 11:48:25,1,-88,30.4788895,-97.6028748,209.50,1.50,WIFI
70:47:77:10:91:F8,CHP_Resident,[WPA2_PSK],2025-5-6 11:48:25,1,-89,30.4788895,-97.6028748,209.50,1.50,WIFI
AC:DF:9F:29:54:FC,TMOBILE-54FA,[WPA2_WPA3_PSK],2025-5-6 11:48:29,5,-84,30.4794598,-97.6040497,209.40,1.50,WIFI
00:25:CA:BB:AF:29,Motive AABL36NE510822,[WPA2_PSK],2025-5-6 11:48:30,6,-84,30.4796047,-97.6043472,209.10,1.50,WIFI
34:98:B5:06:47:64,Merwebo,[WPA_WPA2_PSK],2025-5-6 11:48:30,6,-94,30.4796047,-97.6043472,209.10,1.50,WIFI
00:54:AF:E7:2B:42,Hotspot2B42,[WPA_WPA2_PSK],2025-5-6 11:48:35,11,-89,30.4803371,-97.6058578,208.40,1.50,WIFI
2E:DC:AD:C3:AB:F3,WiFi Hotspot,[WPA2_PSK],2025-5-6 11:48:35,11,-91,30.4803371,-97.6058578,208.40,1.50,WIFI
48:E2:AD:4F:3C:34,ATTxuR4hWa,[WPA2_PSK],2025-5-6 11:48:39,2,-91,30.4809284,-97.6070709,210.70,1.50,WIFI
28:38:5C:35:B0:68,Hotspot6NHN,[WPA_WPA2_PSK],2025-5-6 11:48:43,6,-88,30.4815197,-97.6083069,211.40,1.50,WIFI
C4:49:BB:2B:05:FC,Russell Terrain,[WPA2_PSK],2025-5-6 11:48:48,11,-87,30.4822445,-97.6097946,210.50,1.50,WIFI
D6:21:F9:2D:B0:C9,Wilsonart,[WPA2_PSK],2025-5-6 11:48:56,6,-86,30.4833164,-97.6121597,209.20,1.50,WIFI
AC:8B:A9:13:5C:FE,WMS Heatherwilde,[WPA2_PSK],2025-5-6 11:48:56,6,-92,30.4833164,-97.6121597,209.20,1.50,WIFI
6C:4B:B4:90:E5:D4,Globetrottingwannabe,[WPA2_PSK],2025-5-6 11:49:9,6,-85,30.4849625,-97.6160736,212.10,1.50,WIFI
6C:4B:B4:F1:DB:44,A-Team,[WPA2_PSK],2025-5-6 11:49:9,6,-88,30.4849625,-97.6160736,212.10,1.50,WIFI
D2:9C:25:D7:52:E1, Pacman3,[WPA2_PSK],2025-5-6 11:49:9,6,-93,30.4849625,-97.6160736,212.10,1.50,WIFI
AC:8F:A9:DC:B3:E4,ATTqZz5nMs,[WPA2_PSK],2025-5-6 11:49:14,11,-84,30.4855347,-97.6176224,213.50,1.50,WIFI
5C:02:14:CA:26:A8,Liebenow,[WPA_WPA2_PSK],2025-5-6 11:49:14,11,-89,30.4855347,-97.6176224,213.50,1.50,WIFI
A0:2D:13:26:7C:5F,A-Team,[WPA2_PSK],2025-5-6 11:49:14,11,-90,30.4855347,-97.6176224,213.50,1.50,WIFI
B0:78:39:3D:CF:D6,midea_fa_0386,[OPEN],2025-5-6 11:49:17,1,-87,30.4858513,-97.6185532,214.10,1.50,WIFI
08:9B:B9:89:66:04,LastofUs,[WPA2_PSK],2025-5-6 11:49:19,3,-88,30.4860554,-97.6191635,214.60,1.50,WIFI
08:33:ED:D9:F0:31,SpectrumSetup-33,[WPA2_PSK],2025-5-6 11:49:22,6,-86,30.4863453,-97.6200790,215.00,1.50,WIFI
4C:AB:F8:2E:4D:2D,Tulip13,[WPA2_PSK],2025-5-6 11:49:22,6,-89,30.4863453,-97.6200790,215.00,1.50,WIFI
AC:8F:A9:E0:2B:C4,Addamsfamily,[WPA2_PSK],2025-5-6 11:49:27,11,-88,30.4867859,-97.6216049,214.60,1.50,WIFI
84:A3:29:C8:29:DC,TMOBILE-5264,[WPA2_WPA3_PSK],2025-5-6 11:49:30,1,-60,30.4870358,-97.6225433,213.60,1.50,WIFI
58:9B:4A:92:4F:A4,Pandorasbox,[WPA2_PSK],2025-5-6 11:49:30,1,-90,30.4870358,-97.6225433,213.60,1.50,WIFI
B0:95:75:46:92:10,RavenclawTower,[WPA2_PSK],2025-5-6 11:49:31,2,-83,30.4871197,-97.6228638,213.10,1.50,WIFI
06:5F:67:BF:F1:8E,,[WPA2_PSK],2025-5-6 11:49:33,4,-76,30.4872799,-97.6235046,212.20,1.50,WIFI
28:38:5C:69:EB:98,HotspotbUwC,[WPA_WPA2_PSK],2025-5-6 11:49:35,6,-75,30.4874363,-97.6241608,211.30,1.50,WIFI
F8:55:CD:A6:D1:A5,Hotspot6rsY,[WPA_WPA2_PSK],2025-5-6 11:49:35,6,-80,30.4874363,-97.6241608,211.30,1.50,WIFI
18:A5:FF:70:52:66,TMOBILE-5264,[WPA2_WPA3_PSK],2025-5-6 11:49:35,6,-82,30.4874363,-97.6241608,211.30,1.50,WIFI
C0:D7:AA:EC:F1:87,TMOBILE-F185,[WPA2_WPA3_PSK],2025-5-6 11:49:39,10,-76,30.4877300,-97.6254883,210.30,1.50,WIFI
F8:5B:3B:B4:63:AF,SpectrumSetup-B1,[WPA2_PSK],2025-5-6 11:49:40,11,-72,30.4877987,-97.6258240,210.50,1.50,WIFI
C8:B4:22:5F:62:D5,SpectrumSetup-D7,[WPA2_PSK],2025-5-6 11:49:40,11,-82,30.4877987,-97.6258240,210.50,1.50,WIFI
1A:7B:65:B4:E7:B7,,[WPA2_PSK],2025-5-6 11:49:40,11,-84,30.4877987,-97.6258240,210.50,1.50,WIFI
84:1E:A3:DE:6E:DC,SpectrumSetup-D6,[WPA2_PSK],2025-5-6 11:49:43,1,-68,30.4879913,-97.6268082,212.20,1.50,WIFI
A6:97:5C:BD:CE:45,VTECH_5766_ce45,[WPA2_PSK],2025-5-6 11:49:43,1,-81,30.4879913,-97.6268082,212.20,1.50,WIFI
34:98:B5:09:B9:41,NETGEAR_EXT,[OPEN],2025-5-6 11:49:43,1,-85,30.4879913,-97.6268082,212.20,1.50,WIFI
6C:CD:D6:D9:C5:B1,,[WPA2_PSK],2025-5-6 11:49:45,3,-72,30.4881077,-97.6274643,213.20,1.50,WIFI
F4:52:46:A4:D3:B5,Home Box 2025,[WPA2_PSK],2025-5-6 11:49:48,6,-79,30.4882717,-97.6284637,214.00,1.50,WIFI
A0:7F:8A:49:92:E4,Atlas,[WPA2_PSK],2025-5-6 11:49:53,11,-72,30.4885197,-97.6301804,213.10,1.50,WIFI
70:58:A4:F5:AC:D9,hotrod3367,[WPA2_PSK],2025-5-6 11:49:53,11,-89,30.4885197,-97.6301804,213.10,1.50,WIFI
A0:36:BC:19:F4:C8,Hal,[WPA2_PSK],2025-5-6 11:49:56,1,-79,30.4886475,-97.6312485,211.20,1.50,WIFI
5C:35:FC:10:FB:89,hotrod3367,[WPA2_PSK],2025-5-6 11:49:56,1,-80,30.4886475,-97.6312485,211.20,1.50,WIFI
48:41:7B:10:9A:C4,ATTs6fFFPi,[WPA2_PSK],2025-5-6 11:49:59,4,-90,30.4887600,-97.6323395,209.10,1.50,WIFI
16:27:F5:E7:0F:7E,,[WPA2_PSK],2025-5-6 11:50:0,5,-88,30.4887943,-97.6326981,208.50,1.50,WIFI
AC:DF:9F:3C:0C:08,BigWillie,[WPA2_WPA3_PSK],2025-5-6 11:50:0,5,-90,30.4887943,-97.6326981,208.50,1.50,WIFI
22:AD:56:2A:E8:09,HotspotE809,[WPA_WPA2_PSK],2025-5-6 11:50:6,11,-87,30.4889545,-97.6349030,209.10,1.50,WIFI
AC:91:9B:4E:61:7A,Verizon_L4LJNN,[WPA2_PSK],2025-5-6 11:50:6,11,-90,30.4889545,-97.6349030,209.10,1.50,WIFI
78:8C:B5:CF:7D:21,jb quest extender,[WPA2_PSK],2025-5-6 11:50:9,1,-79,30.4889965,-97.6360016,212.00,1.50,WIFI
FA:B4:6A:08:7C:E1,DIRECT-E1-HP OfficeJet 5200,[WPA2_PSK],2025-5-6 11:50:9,1,-83,30.4889965,-97.6360016,212.00,1.50,WIFI
4A:F8:B3:FC:58:3F,ContinentalHCM-Guest,[OPEN],2025-5-6 11:50:10,2,-91,30.4889965,-97.6363602,212.90,1.50,WIFI
64:7B:1E:DE:68:96,ATTXNceKts,[WPA2_PSK],2025-5-6 11:50:15,7,-69,30.4888706,-97.6381378,217.30,1.50,WIFI
A0:55:1F:E4:BE:86,ATTJysi97V,[WPA2_PSK],2025-5-6 11:50:15,7,-83,30.4888706,-97.6381378,217.30,1.50,WIFI
10:93:97:63:BB:E0,ATTBsehbA2,[WPA2_PSK],2025-5-6 11:50:17,9,-87,30.4887562,-97.6388474,219.10,1.50,WIFI
C8:FE:0F:38:73:60,DilpaHonda,[WPA2_PSK],2025-5-6 11:50:19,11,-88,30.4885998,-97.6395416,220.40,1.50,WIFI
6E:7B:1E:D6:DF:C6,,[WPA2_PSK],2025-5-6 11:50:24,3,-86,30.4881191,-97.6412811,220.70,1.50,WIFI
18:A5:FF:9F:D0:6A,Squadmac,[WPA2_WPA3_PSK],2025-5-6 11:50:26,5,-86,30.4879246,-97.6419983,219.70,1.50,WIFI
AC:DF:9F:7F:2A:2E,RoundvillePlace5G,[WPA2_WPA3_PSK],2025-5-6 11:50:27,6,-76,30.4878235,-97.6423645,219.10,1.50,WIFI
F4:92:BF:5D:2A:AA,RF-SECURE-CORP,[WPA2],2025-5-6 11:50:27,6,-81,30.4878235,-97.6423645,219.10,1.50,WIFI
FE:92:BF:5D:2A:AA,Refuel_Guest,[OPEN],2025-5-6 11:50:27,6,-84,30.4878235,-97.6423645,219.10,1.50,WIFI
E2:55:7D:39:17:70,VTLA4,[WPA2],2025-5-6 11:50:32,11,-83,30.4873009,-97.6442261,215.20,1.50,WIFI
E2:55:7D:39:17:71,Vermeer Guest,[OPEN],2025-5-6 11:50:32,11,-84,30.4873009,-97.6442261,215.20,1.50,WIFI
E2:55:7D:39:17:73,VTLA4 - Mobile,[WPA2],2025-5-6 11:50:32,11,-86,30.4873009,-97.6442261,215.20,1.50,WIFI
2A:03:EB:F5:0E:D7,myChevrolet7096,[WPA2_PSK],2025-5-6 11:50:32,11,-88,30.4873009,-97.6442261,215.20,1.50,WIFI
04:18:D6:BA:A6:E0,CAP-Guest,[WPA_WPA2_PSK],2025-5-6 11:50:35,1,-90,30.4869881,-97.6453323,212.90,1.50,WIFI
04:18:D6:BA:A6:E1,CAP,[WPA2],2025-5-6 11:50:35,1,-91,30.4869881,-97.6453323,212.90,1.50,WIFI
78:45:58:F1:24:1D,,[WPA2_PSK],2025-5-6 11:50:40,6,-84,30.4864674,-97.6471863,211.40,1.50,WIFI
7A:45:58:A1:24:1D,TLE-CENTER,[WPA2_PSK],2025-5-6 11:50:40,6,-84,30.4864674,-97.6471863,211.40,1.50,WIFI
80:03:84:69:13:E8,WSSPBX,[WPA2_PSK],2025-5-6 11:50:40,6,-86,30.4864674,-97.6471863,211.40,1.50,WIFI
7A:45:58:91:24:1D,TLE-GUEST,[OPEN],2025-5-6 11:50:40,6,-87,30.4864674,-97.6471863,211.40,1.50,WIFI
7E:45:58:24:88:1F,,[WPA2_PSK],2025-5-6 11:50:40,6,-89,30.4864674,-97.6471863,211.40,1.50,WIFI
FA:6D:CC:FF:0F:DF,myGMC 0FDF,[WPA2_PSK],2025-5-6 11:50:41,7,-88,30.4863644,-97.6475601,211.90,1.50,WIFI
E4:55:A8:23:D2:EF,DB Internal,[WPA2_PSK],2025-5-6 11:50:45,11,-80,30.4859524,-97.6490402,214.80,1.50,WIFI
E2:55:A8:23:D2:EF,Dutch Vibes,[WPA2_PSK],2025-5-6 11:50:45,11,-83,30.4859524,-97.6490402,214.80,1.50,WIFI
DA:55:A8:23:D2:EF,,[WPA2_PSK],2025-5-6 11:50:45,11,-83,30.4859524,-97.6490402,214.80,1.50,WIFI
24:C9:A1:59:A3:83,island-19A380,[WPA2_PSK],2025-5-6 11:50:53,6,-83,30.4851379,-97.6519470,216.80,1.50,WIFI
B2:81:84:95:15:84,,[WPA2_PSK],2025-5-6 11:50:58,11,-24,30.4846287,-97.6537628,216.00,1.50,WIFI
F8:CA:59:EC:9F:81,AWI-820441,[WPA2_PSK],2025-5-6 11:50:58,11,-73,30.4846287,-97.6537628,216.00,1.50,WIFI
F4:69:42:5A:F9:DF,SpectrumSetup-E1,[WPA2_PSK],2025-5-6 11:50:58,11,-93,30.4846287,-97.6537628,216.00,1.50,WIFI
18:7C:0B:45:60:59,TimeClock1,[WPA2_PSK],2025-5-6 11:51:1,1,-83,30.4843292,-97.6548157,216.40,1.50,WIFI
18:7C:0B:45:3F:78,,[WPA2_PSK],2025-5-6 11:51:1,1,-83,30.4843292,-97.6548157,216.40,1.50,WIFI
18:7C:0B:85:60:58,,[WPA2_PSK],2025-5-6 11:51:1,1,-84,30.4843292,-97.6548157,216.40,1.50,WIFI
18:7C:0B:C5:60:58,,[WPA2_PSK],2025-5-6 11:51:1,1,-85,30.4843292,-97.6548157,216.40,1.50,WIFI
18:7C:0B:05:60:59,,[WPA2_PSK],2025-5-6 11:51:1,1,-86,30.4843292,-97.6548157,216.40,1.50,WIFI
50:D4:F7:20:95:DF,Scott Steiner,[WPA2_PSK],2025-5-6 11:51:9,9,-94,30.4836121,-97.6575775,222.20,1.50,WIFI
56:D9:E7:AD:F5:A8,E-Auto Guest,[WPA2_PSK],2025-5-6 11:51:19,6,-82,30.4828835,-97.6608734,227.70,1.50,WIFI
F0:AB:54:26:F2:44,Gonzales Impala,[WPA2_PSK],2025-5-6 11:51:27,1,-88,30.4823189,-97.6635590,228.60,1.50,WIFI
A8:E2:C1:32:69:8E,SMA3013867169,[WPA2_PSK],2025-5-6 11:51:27,1,-90,30.4823189,-97.6635590,228.60,1.50,WIFI
32:0E:B8:7A:0C:9E,My VW 7195,[WPA2_PSK],2025-5-6 11:51:32,6,-89,30.4819603,-97.6652298,229.10,1.50,WIFI
46:D9:E7:AD:F5:A8,E-Auto Private,[WPA2_PSK],2025-5-6 11:51:32,6,-89,30.4819603,-97.6652298,229.10,1.50,WIFI
EE:2E:98:FF:DD:55,SR4-3TWHCveSCaVjV4ST,[WPA2_PSK],2025-5-6 11:51:33,7,-91,30.4818878,-97.6655655,229.20,1.50,WIFI
40:2B:50:0B:0F:D0,I heart internets,[WPA2_PSK],2025-5-6 11:51:42,3,-93,30.4812660,-97.6684799,231.30,1.50,WIFI
D0:21:F9:37:B4:96,BossJCB,[WPA2_PSK],2025-5-6 11:51:45,6,-91,30.4810677,-97.6694489,232.40,1.50,WIFI
AC:23:16:70:35:2B,,[WPA2_PSK],2025-5-6 11:51:50,11,-82,30.4807892,-97.6710739,234.20,1.50,WIFI
AC:23:16:70:35:2D,,[WPA2_PSK],2025-5-6 11:51:50,11,-82,30.4807892,-97.6710739,234.20,1.50,WIFI
08:D5:9D:02:21:FE,RED LOTUS GUEST,[WPA2_PSK],2025-5-6 11:51:50,11,-93,30.4807892,-97.6710739,234.20,1.50,WIFI
BC:42:8C:5C:7D:60,CarPlay_7d60,[WPA2_PSK],2025-5-6 11:51:53,1,-84,30.4806499,-97.6720657,235.20,1.50,WIFI
7C:0C:F6:0A:19:B2,Dash-0590,[WPA2_PSK],2025-5-6 11:51:58,6,-80,30.4804745,-97.6737137,236.60,1.50,WIFI
AC:23:16:70:33:48,,[WPA2_PSK],2025-5-6 11:51:58,6,-85,30.4804745,-97.6737137,236.60,1.50,WIFI
AC:23:16:70:33:45,CFA Private Wi-Fi,[WPA2],2025-5-6 11:51:58,6,-86,30.4804745,-97.6737137,236.60,1.50,WIFI
AC:23:16:70:33:46,,[WPA2_PSK],2025-5-6 11:51:58,6,-86,30.4804745,-97.6737137,236.60,1.50,WIFI
AC:23:16:70:33:47,,[WPA2_PSK],2025-5-6 11:51:58,6,-88,30.4804745,-97.6737137,236.60,1.50,WIFI
78:8A:20:08:BE:A3,BGE-Corporate,[WPA2],2025-5-6 11:52:3,11,-80,30.4803600,-97.6753464,236.60,1.50,WIFI
7E:8A:20:08:BE:A3,BGEinc-Guest,[WPA2_PSK],2025-5-6 11:52:3,11,-80,30.4803600,-97.6753464,236.60,1.50,WIFI
78:8A:20:08:C2:A7,BGE-Corporate,[WPA2],2025-5-6 11:52:3,11,-87,30.4803600,-97.6753464,236.60,1.50,WIFI
82:45:58:27:3E:E4,IoT Devices,[WPA2_PSK],2025-5-6 11:52:6,1,-86,30.4803047,-97.6763306,236.00,1.50,WIFI
86:45:58:27:3E:E4,,[WPA2_PSK],2025-5-6 11:52:6,1,-86,30.4803047,-97.6763306,236.00,1.50,WIFI
4C:B1:CD:74:12:D8,MCWSecure,[WPA2_PSK],2025-5-6 11:52:8,3,-84,30.4802704,-97.6769943,235.40,1.50,WIFI
5C:62:8B:40:FD:2E,ROUNDROCK HLC,[WPA2_PSK],2025-5-6 11:52:8,3,-87,30.4802704,-97.6769943,235.40,1.50,WIFI
4C:B1:CD:34:12:D8,MCW-Tablet,[WPA2_PSK],2025-5-6 11:52:8,3,-88,30.4802704,-97.6769943,235.40,1.50,WIFI
AC:DF:9F:0E:FE:B2,PhoHoang,[WPA2_WPA3_PSK],2025-5-6 11:52:10,5,-75,30.4802361,-97.6776581,234.60,1.50,WIFI
8C:FE:74:39:D4:69,SpectrumWiFi Plus,[WPA2],2025-5-6 11:52:10,5,-76,30.4802361,-97.6776581,234.60,1.50,WIFI
8C:FE:74:F9:D4:68,SpectrumWiFi,[OPEN],2025-5-6 11:52:10,5,-77,30.4802361,-97.6776581,234.60,1.50,WIFI
8C:FE:74:B9:D4:68,TWCWiFi-Passpoint,[WPA2],2025-5-6 11:52:10,5,-78,30.4802361,-97.6776581,234.60,1.50,WIFI
AC:B3:13:BB:6F:A0,DG1670AA2,[WPA2_PSK],2025-5-6 11:52:16,11,-91,30.4801197,-97.6796875,234.10,1.50,WIFI
02:54:AF:D0:40:37,Hotspot4037,[WPA_WPA2_PSK],2025-5-6 11:52:19,1,-85,30.4800644,-97.6807022,236.10,1.50,WIFI
F4:69:42:63:DF:4E,Maracay City,[WPA2_PSK],2025-5-6 11:52:24,6,-88,30.4799328,-97.6823654,240.00,1.50,WIFI
12:E8:A7:E2:B4:39,La Silver,[WPA2_PSK],2025-5-6 11:52:25,7,-88,30.4798965,-97.6826859,240.60,1.50,WIFI
AC:DF:9F:31:F7:30,TMOBILE-F72E,[WPA2_WPA3_PSK],2025-5-6 11:52:27,9,-83,30.4798203,-97.6832809,241.50,1.50,WIFI
F8:34:5A:CC:2F:88,Yonathan,[WPA2_PSK],2025-5-6 11:52:37,6,-82,30.4794502,-97.6858673,242.30,1.50,WIFI
E4:55:A8:56:79:F5,Hilton Honors,[OPEN],2025-5-6 11:52:37,6,-82,30.4794502,-97.6858673,242.30,1.50,WIFI
EA:55:A8:56:79:F5,HSR_AUSRN,[WPA2],2025-5-6 11:52:37,6,-82,30.4794502,-97.6858673,242.30,1.50,WIFI
FA:34:5A:CC:2F:88,,[WPA2_PSK],2025-5-6 11:52:37,6,-83,30.4794502,-97.6858673,242.30,1.50,WIFI
EA:55:A8:56:7F:91,HSR_AUSRN,[WPA2],2025-5-6 11:52:42,11,-82,30.4792652,-97.6871033,241.50,1.50,WIFI
E4:55:A8:56:7F:91,Hilton Honors,[OPEN],2025-5-6 11:52:42,11,-83,30.4792652,-97.6871033,241.50,1.50,WIFI
3C:7A:8A:F4:02:00,Illegal Amigo,[WPA2_PSK],2025-5-6 11:52:42,11,-86,30.4792652,-97.6871033,241.50,1.50,WIFI
B8:11:4B:4A:FD:63,EmrGuest01,[OPEN],2025-5-6 11:52:42,11,-87,30.4792652,-97.6871033,241.50,1.50,WIFI
EA:55:A8:56:7A:53,HSR_AUSRN,[WPA2],2025-5-6 11:52:42,11,-87,30.4792652,-97.6871033,241.50,1.50,WIFI
90:72:40:27:3D:A0,Not Orange,[WPA2_PSK],2025-5-6 11:52:42,11,-89,30.4792652,-97.6871033,241.50,1.50,WIFI
E4:55:A8:56:7A:53,Hilton Honors,[OPEN],2025-5-6 11:52:42,11,-89,30.4792652,-97.6871033,241.50,1.50,WIFI
38:70:0C:82:2E:78,Mariywal$1,[WPA2_PSK],2025-5-6 11:52:50,6,-83,30.4789448,-97.6891022,239.50,1.50,WIFI
00:1D:05:61:70:5F,WAC-COURTYARD,[WPA2_PSK],2025-5-6 11:52:50,6,-88,30.4789448,-97.6891022,239.50,1.50,WIFI
2C:76:8A:C5:DF:DF,HPN811a.C5DFDF,[OPEN],2025-5-6 11:52:50,6,-89,30.4789448,-97.6891022,239.50,1.50,WIFI
B2:D8:88:3B:16:E1,TOYOTA Tundra-2.4g_3b16e1,[WPA2_PSK],2025-5-6 11:52:55,11,-83,30.4787445,-97.6903076,239.70,1.50,WIFI
60:F4:19:D1:E2:43,,[WPA3_PSK],2025-5-6 11:52:55,11,-83,30.4787445,-97.6903076,239.70,1.50,WIFI
60:F4:19:D1:E2:49,,[OPEN],2025-5-6 11:52:55,11,-84,30.4787445,-97.6903076,239.70,1.50,WIFI
60:F4:19:D1:E2:46,TAGNOTIT,[WPA2_PSK],2025-5-6 11:52:55,11,-84,30.4787445,-97.6903076,239.70,1.50,WIFI
80:B9:7A:E2:E6:09,,[OPEN],2025-5-6 11:52:58,1,-77,30.4786282,-97.6910095,239.90,1.50,WIFI
80:B9:7A:E2:E6:03,,[WPA3_PSK],2025-5-6 11:52:58,1,-77,30.4786282,-97.6910095,239.90,1.50,WIFI
FA:8F:CA:9B:68:04,Polk MagniFi MAX-6821.l003,[OPEN],2025-5-6 11:52:58,1,-82,30.4786282,-97.6910095,239.90,1.50,WIFI
04:17:B6:CD:7D:D0,,[WPA_WPA2_PSK],2025-5-6 11:52:58,1,-82,30.4786282,-97.6910095,239.90,1.50,WIFI
38:42:0B:F7:33:85,,[WPA2_PSK],2025-5-6 11:52:58,1,-82,30.4786282,-97.6910095,239.90,1.50,WIFI
60:F4:19:BF:8D:E9,,[OPEN],2025-5-6 11:52:58,1,-82,30.4786282,-97.6910095,239.90,1.50,WIFI
60:F4:19:BF:8D:E6,Jazhiel 2,[WPA2_PSK],2025-5-6 11:52:58,1,-82,30.4786282,-97.6910095,239.90,1.50,WIFI
60:F4:19:BF:8D:E3,,[WPA3_PSK],2025-5-6 11:52:58,1,-83,30.4786282,-97.6910095,239.90,1.50,WIFI
64:67:72:6D:4F:65,TMOBILE-4F63,[WPA2_WPA3_PSK],2025-5-6 11:52:59,2,-78,30.4785919,-97.6912384,239.90,1.50,WIFI
6C:AE:F6:83:F5:E3,maddiewifi,[WPA2_PSK],2025-5-6 11:53:3,6,-80,30.4784260,-97.6921768,239.80,1.50,WIFI
FC:3F:A6:9E:BE:66,bookedby,[WPA2_PSK],2025-5-6 11:53:3,6,-80,30.4784260,-97.6921768,239.80,1.50,WIFI
6C:AE:F6:83:F5:E5,,[OPEN],2025-5-6 11:53:3,6,-80,30.4784260,-97.6921768,239.80,1.50,WIFI
D4:3F:32:51:DE:69,,[OPEN],2025-5-6 11:53:8,11,-86,30.4782581,-97.6933899,238.60,1.50,WIFI
BC:96:E5:2F:B9:23,TMOBILE-B921,[WPA2_WPA3_PSK],2025-5-6 11:53:11,1,-86,30.4781647,-97.6941757,237.30,1.50,WIFI
EE:64:C9:F0:DA:08,Tineco_9598,[OPEN],2025-5-6 11:53:24,1,-89,30.4775925,-97.6977005,236.30,1.50,WIFI
8E:25:4A:06:81:CB,Fischettinet_IoT,[WPA2_PSK],2025-5-6 11:53:27,4,-93,30.4774647,-97.6984940,237.30,1.50,WIFI
18:A5:FF:71:0D:D4,Mainetwork,[WPA2_WPA3_PSK],2025-5-6 11:53:28,5,-82,30.4774208,-97.6987610,237.70,1.50,WIFI
F4:52:46:10:16:DA,SpectrumSetup-DC,[WPA2_PSK],2025-5-6 11:53:42,6,-86,30.4761906,-97.7019272,242.00,1.50,WIFI
7C:0C:F6:07:AF:C5,Dash-7584,[WPA2_PSK],2025-5-6 11:53:47,11,-87,30.4752483,-97.7026367,241.90,1.50,WIFI
10:C4:CA:59:D0:04,TheWeebHub,[WPA2_PSK],2025-5-6 11:53:47,11,-90,30.4752483,-97.7026367,241.90,1.50,WIFI
64:67:72:6D:A9:D8,TMOBILE-A9D6,[WPA2_WPA3_PSK],2025-5-6 11:53:50,1,-91,30.4746151,-97.7028809,240.40,1.50,WIFI
00:12:D1:42:FC:16,AndroidAP_5532,[WPA2_PSK],2025-5-6 11:54:52,11,-85,30.4593792,-97.6991196,239.30,1.50,WIFI
66:E2:20:F6:67:7E,MBUX 53749,[WPA2_WPA3_PSK],2025-5-6 11:54:55,1,-85,30.4586029,-97.6988449,237.90,1.50,WIFI
2E:D1:C6:FC:CA:4B,DIRECT-Bh-Car_d2fc,[WPA2_PSK],2025-5-6 11:54:58,4,-92,30.4577961,-97.6986160,236.10,1.50,WIFI
00:1B:2B:6A:3B:53,TXTAG-PUBLIC,[WPA_WPA2_PSK],2025-5-6 11:55:5,11,-93,30.4559402,-97.6980209,232.90,1.50,WIFI
DE:CD:2F:36:36:95,DIRECT-2F36B695,[WPA2_PSK],2025-5-6 11:55:18,11,-93,30.4523640,-97.6970901,230.50,1.50,WIFI
48:E2:AD:B7:17:44,ATTW4JChPn,[WPA2_PSK],2025-5-6 11:55:31,11,-85,30.4488163,-97.6967010,225.70,1.50,WIFI
F4:17:B8:F1:1D:67,GlasHouse1,[WPA2_PSK],2025-5-6 11:55:31,11,-85,30.4488163,-97.6967010,225.70,1.50,WIFI
56:87:B8:F1:1D:68,ATT29E7992_guest,[WPA2_PSK],2025-5-6 11:55:31,11,-87,30.4488163,-97.6967010,225.70,1.50,WIFI
A8:9A:93:B0:FD:FE,MySpectrumWiFif8-2G,[WPA2_PSK],2025-5-6 11:55:31,11,-88,30.4488163,-97.6967010,225.70,1.50,WIFI
58:9B:4A:A6:0F:0F,SpectrumSetup-0F0B,[WPA2_PSK],2025-5-6 11:55:44,11,-86,30.4454136,-97.6969910,215.90,1.50,WIFI
F4:52:46:90:CC:E0,SpectrumSetup-CCE3,[WPA2_PSK],2025-5-6 11:55:47,1,-71,30.4446888,-97.6971741,216.40,1.50,WIFI
D0:B2:C4:4D:7A:B1,TC8717TAB,[WPA2_PSK],2025-5-6 11:55:47,1,-85,30.4446888,-97.6971741,216.40,1.50,WIFI
E0:22:02:3D:38:F1,husspuppy,[WPA2_PSK],2025-5-6 11:55:48,2,-84,30.4444561,-97.6972580,216.20,1.50,WIFI
66:E2:20:C2:95:C6,myChevrolet 94C5,[WPA2_PSK],2025-5-6 11:55:56,10,-93,30.4426403,-97.6978531,213.60,1.50,WIFI
BE:42:8C:98:1E:15,AprilDalrymple,[WPA2_PSK],2025-5-6 11:56:0,1,-89,30.4418354,-97.6981430,212.60,1.50,WIFI
00:19:C9:06:28:81,,[WPA2_PSK],2025-5-6 11:56:0,1,-90,30.4418354,-97.6981430,212.60,1.50,WIFI
C8:B5:AD:B6:1E:61,McDonalds Free WiFi,[OPEN],2025-5-6 11:56:10,11,-80,30.4406834,-97.6986084,211.90,1.50,WIFI
C8:B5:AD:B6:1E:62,eBOS,[OPEN],2025-5-6 11:56:10,11,-80,30.4406834,-97.6986084,211.90,1.50,WIFI
52:01:09:03:AA:55,Alampadilla,[WPA2_PSK],2025-5-6 11:56:13,1,-85,30.4406204,-97.6986313,211.90,1.50,WIFI
22:AD:56:24:8D:EE,Hotspot8DEE,[WPA_WPA2_PSK],2025-5-6 11:56:18,6,-79,30.4406185,-97.6986313,211.90,1.50,WIFI
D8:B3:70:FA:42:AD,JHA,[WPA2_PSK],2025-5-6 11:56:18,6,-83,30.4406185,-97.6986313,211.90,1.50,WIFI
2C:EA:DC:C5:2C:0D,SpectrumSetup-0F,[WPA2_PSK],2025-5-6 11:56:18,6,-91,30.4406185,-97.6986313,211.90,1.50,WIFI
DE:B3:70:FA:42:AD,JHAGuest,[WPA2_PSK],2025-5-6 11:56:31,6,-85,30.4406128,-97.6986237,212.10,1.50,WIFI
B2:81:84:95:15:84,,[WPA2_PSK],2025-5-6 11:56:36,11,-24,30.4406128,-97.6986237,212.10,1.50,WIFI
E2:B3:70:FA:42:AD,,[WPA2_PSK],2025-5-6 11:56:44,6,-88,30.4406128,-97.6986237,212.20,1.50,WIFI
FA:25:FE:9A:73:84,myChevrolet9835,[WPA2_PSK],2025-5-6 11:56:52,1,-76,30.4406128,-97.6986237,212.20,1.50,WIFI
CE:22:26:65:0F:3E,Toscana,[WPA2_PSK],2025-5-6 11:57:5,1,-73,30.4406128,-97.6986237,212.30,1.50,WIFI
F8:55:CD:67:F0:6F,HotspotPP78,[WPA_WPA2_PSK],2025-5-6 11:57:36,6,-75,30.4405975,-97.6986389,212.70,1.50,WIFI
AC:F4:2C:AB:6E:E1,Peztio-M5-6ee1,[WPA2_PSK],2025-5-6 11:57:36,6,-85,30.4405975,-97.6986389,212.70,1.50,WIFI
BE:75:36:0B:EF:C3,myChevrolet,[WPA2_PSK],2025-5-6 11:57:41,11,-88,30.4403896,-97.6986008,213.00,1.50,WIFI
8A:5A:85:EB:7B:20,lucletner,[WPA2_PSK],2025-5-6 11:57:44,1,-75,30.4402618,-97.6984024,214.00,1.50,WIFI
00:26:B4:9A:A6:DE,SYNC_XU169KTP,[WPA2_PSK],2025-5-6 11:57:44,1,-82,30.4402618,-97.6984024,214.00,1.50,WIFI
64:67:72:62:55:FB,TMOBILE-55F9,[WPA2_WPA3_PSK],2025-5-6 11:57:44,1,-89,30.4402618,-97.6984024,214.00,1.50,WIFI
DC:7F:A4:28:71:A9,ATT3psz9Vz,[WPA2_PSK],2025-5-6 11:57:47,4,-90,30.4401569,-97.6980667,213.90,1.50,WIFI
94:A6:7E:F5:61:45,WBSW,[WPA2_PSK],2025-5-6 11:57:53,10,-84,30.4399529,-97.6971283,216.40,1.50,WIFI
6C:4B:B4:92:DA:D4,ATTkkH4vWa,[WPA2_PSK],2025-5-6 11:57:54,11,-80,30.4399433,-97.6969681,216.70,1.50,WIFI
1C:B0:44:1A:C3:A6,MySpectrumWiFiA8-2G,[WPA2_PSK],2025-5-6 11:57:57,1,-74,30.4399395,-97.6965256,217.50,1.50,WIFI
00:90:7F:3D:97:B1,Powell & Tiller Guest,[WPA2_PSK],2025-5-6 11:57:57,1,-82,30.4399395,-97.6965256,217.50,1.50,WIFI
AC:8F:A9:D9:A4:24,ATTbDEuRTe,[WPA2_PSK],2025-5-6 11:57:57,1,-86,30.4399395,-97.6965256,217.50,1.50,WIFI
4C:AB:F8:37:BF:A3,SpectrumSetup-A5,[WPA2_PSK],2025-5-6 11:58:2,6,-73,30.4399757,-97.6960907,218.20,1.50,WIFI
F8:5B:3B:55:CC:4D,SpectrumSetup-4F,[WPA2_PSK],2025-5-6 11:58:2,6,-77,30.4399757,-97.6960907,218.20,1.50,WIFI
88:DE:7C:58:C0:2F,SpectrumSetup-31,[WPA2_PSK],2025-5-6 11:58:2,6,-80,30.4399757,-97.6960907,218.20,1.50,WIFI
76:AC:B9:29:70:19,JHAGuest,[WPA2_PSK],2025-5-6 11:58:2,6,-85,30.4399757,-97.6960907,218.20,1.50,WIFI
90:D3:CF:27:55:39,Tipi,[WPA2_PSK],2025-5-6 11:58:2,6,-88,30.4399757,-97.6960907,218.20,1.50,WIFI
F4:52:46:43:89:95,ATT-WIFI-9372,[WPA2_WPA3_PSK],2025-5-6 11:58:5,9,-85,30.4399834,-97.6960449,218.20,1.50,WIFI
C8:B4:22:A1:05:00,Moises,[WPA2_PSK],2025-5-6 11:58:7,11,-75,30.4399834,-97.6960449,218.00,1.50,WIFI
F8:CF:C5:F6:F0:27,MOTO4824,[WPA2_PSK],2025-5-6 11:58:7,11,-85,30.4399834,-97.6960449,218.00,1.50,WIFI
88:DC:96:51:92:0A,33H-Public,[OPEN],2025-5-6 11:58:10,1,-88,30.4399815,-97.6960449,217.80,1.50,WIFI
F2:43:58:1C:FB:CE,CHEVROLET9249,[WPA2_WPA3_PSK],2025-5-6 11:58:15,6,-71,30.4399834,-97.6960449,217.40,1.50,WIFI
AC:DF:9F:06:25:0A,TMOBILE-2508,[WPA2_WPA3_PSK],2025-5-6 11:58:19,10,-87,30.4399815,-97.6960449,217.10,1.50,WIFI
2A:8D:DB:84:B9:7E,,[WPA2_PSK],2025-5-6 11:58:20,11,-86,30.4399815,-97.6960449,217.10,1.50,WIFI
26:8D:DB:84:B9:7E,,[WPA2_PSK],2025-5-6 11:58:20,11,-87,30.4399815,-97.6960449,217.10,1.50,WIFI
06:8D:DB:84:B9:7E,Taco Bell WiFi,[OPEN],2025-5-6 11:58:20,11,-89,30.4399815,-97.6960449,217.10,1.50,WIFI
18:0C:7A:E5:14:97,33Hundred-1205,[WPA2_WPA3_PSK],2025-5-6 11:58:23,1,-78,30.4399815,-97.6960449,217.10,1.50,WIFI
A0:55:1F:73:09:30,Carballo,[WPA2_PSK],2025-5-6 11:58:23,1,-79,30.4399815,-97.6960449,217.10,1.50,WIFI
74:37:5F:08:1A:2F,Myspectrumnet,[WPA2_PSK],2025-5-6 11:58:23,1,-84,30.4399815,-97.6960449,217.10,1.50,WIFI
74:37:5F:33:28:13,SpectrumSetup-11,[WPA2_PSK],2025-5-6 11:58:28,6,-80,30.4399796,-97.6960449,217.20,1.50,WIFI
4C:AB:F8:3F:3A:9D,no.,[WPA2_PSK],2025-5-6 11:58:28,6,-86,30.4399796,-97.6960449,217.20,1.50,WIFI
5A:E4:03:0D:20:DA,myChevrolet 20DA,[WPA2_PSK],2025-5-6 11:58:29,7,-82,30.4399796,-97.6960373,217.30,1.50,WIFI
74:37:5F:C9:F4:9F,SpectrumSetup-9D,[WPA2_PSK],2025-5-6 11:58:46,11,-82,30.4399853,-97.6960297,217.50,1.50,WIFI
AC:A3:1E:10:BB:40,Inframark-Employee,[WPA2],2025-5-6 11:58:46,11,-86,30.4399853,-97.6960297,217.50,1.50,WIFI
0A:8D:DB:84:B9:7E,,[WPA_WPA2_PSK],2025-5-6 11:58:46,11,-89,30.4399853,-97.6960297,217.50,1.50,WIFI
44:AD:B1:5B:55:66,SpectrumKing,[WPA2_PSK],2025-5-6 11:58:49,1,-85,30.4400082,-97.6959152,217.90,1.50,WIFI
4C:AB:F8:08:B8:BE,RAM IT DOWN,[WPA2_PSK],2025-5-6 11:58:54,6,-68,30.4401321,-97.6954651,219.00,1.50,WIFI
B0:FC:88:66:CC:8F,Onthespectrum*,[WPA2_PSK],2025-5-6 11:58:54,6,-76,30.4401321,-97.6954651,219.00,1.50,WIFI
BC:9A:8E:99:6B:B4,TellMyWiFiLoveHer,[WPA2_PSK],2025-5-6 11:58:56,8,-76,30.4402275,-97.6952057,219.70,1.50,WIFI
F6:52:46:53:89:95,,[WPA2_WPA3_PSK],2025-5-6 11:58:57,9,-80,30.4402885,-97.6950684,220.10,1.50,WIFI
5C:E9:31:27:CE:E0,DavesNotHereMan,[WPA2_PSK],2025-5-6 11:58:57,9,-89,30.4402885,-97.6950684,220.10,1.50,WIFI
5E:E9:31:27:CE:E0,TheChosenFew,[WPA2_WPA3_PSK],2025-5-6 11:58:57,9,-91,30.4402885,-97.6950684,220.10,1.50,WIFI
C8:9E:43:55:46:79,Bettis,[WPA2_PSK],2025-5-6 11:58:58,10,-80,30.4403591,-97.6949387,220.30,1.50,WIFI
B4:63:6F:0C:41:64,Loki,[WPA2_PSK],2025-5-6 11:58:58,10,-85,30.4403591,-97.6949387,220.30,1.50,WIFI
FC:12:63:78:8A:95,DancingDaysAreHereAgain,[WPA2_PSK],2025-5-6 11:58:59,11,-65,30.4404354,-97.6948013,220.60,1.50,WIFI
18:0C:7A:A5:6E:17,TMOBILE-6E11,[WPA2_WPA3_PSK],2025-5-6 11:59:2,1,-61,30.4406605,-97.6943512,221.80,1.50,WIFI
74:37:5F:4D:E4:87,SpectrumSetup-85,[WPA2_PSK],2025-5-6 11:59:2,1,-67,30.4406605,-97.6943512,221.80,1.50,WIFI
48:00:33:B7:F8:A5,TC8715D9F,[WPA2_PSK],2025-5-6 11:59:2,1,-77,30.4406605,-97.6943512,221.80,1.50,WIFI
74:37:5F:A6:0D:0F,SpectrumSetup-0D,[WPA2_PSK],2025-5-6 11:59:2,1,-87,30.4406605,-97.6943512,221.80,1.50,WIFI
C0:C9:E3:CA:7A:C3,TP-Link_7AC4,[WPA2_PSK],2025-5-6 11:59:4,3,-86,30.4408035,-97.6940308,222.30,1.50,WIFI
62:C9:E3:CA:7A:C5,,[WPA2_PSK],2025-5-6 11:59:4,3,-86,30.4408035,-97.6940308,222.30,1.50,WIFI
2A:70:4E:21:A3:AC,,[WPA2_PSK],2025-5-6 11:59:7,6,-73,30.4409885,-97.6935272,223.30,1.50,WIFI
08:9B:B9:44:5E:74,Nacho WiFi,[WPA2_PSK],2025-5-6 11:59:7,6,-75,30.4409885,-97.6935272,223.30,1.50,WIFI
F0:7B:65:D7:56:04,Familia RyO,[WPA2_PSK],2025-5-6 11:59:7,6,-82,30.4409885,-97.6935272,223.30,1.50,WIFI
44:AD:B1:45:8C:16,SpectrumSetup-10,[WPA2_PSK],2025-5-6 11:59:7,6,-82,30.4409885,-97.6935272,223.30,1.50,WIFI
3E:E1:F4:71:8A:56,,[WPA2_PSK],2025-5-6 11:59:7,6,-84,30.4409885,-97.6935272,223.30,1.50,WIFI
F0:81:75:D5:A3:BE,Aimee,[WPA2_PSK],2025-5-6 11:59:7,6,-86,30.4409885,-97.6935272,223.30,1.50,WIFI
18:A5:FF:E2:28:F6,TMOBILE-28F4,[WPA2_WPA3_PSK],2025-5-6 11:59:10,9,-83,30.4411526,-97.6929855,223.30,1.50,WIFI
BC:96:E5:51:D4:D1,LosTeranes4,[WPA2_PSK],2025-5-6 11:59:12,11,-72,30.4412537,-97.6925964,222.80,1.50,WIFI
74:37:5F:32:FD:A3,SpectrumSetup-A1,[WPA2_PSK],2025-5-6 11:59:12,11,-78,30.4412537,-97.6925964,222.80,1.50,WIFI
38:E1:F4:72:8D:96,ATTedebS6w,[WPA2_PSK],2025-5-6 11:59:15,1,-80,30.4414101,-97.6920090,222.30,1.50,WIFI
FC:5C:45:39:AD:58,Beck_Guest_WiFi,[WPA2_PSK],2025-5-6 11:59:15,1,-82,30.4414101,-97.6920090,222.30,1.50,WIFI
FC:5C:45:B9:AD:58,Beck_Resident_WiFi_1-138,[WPA2_PSK],2025-5-6 11:59:15,1,-83,30.4414101,-97.6920090,222.30,1.50,WIFI
5C:FA:25:D1:3D:12,SpectrumSetup-0C,[WPA2_PSK],2025-5-6 11:59:15,1,-86,30.4414101,-97.6920090,222.30,1.50,WIFI
FC:5C:45:3A:BF:68,Beck_Guest_WiFi,[WPA2_PSK],2025-5-6 11:59:15,1,-87,30.4414101,-97.6920090,222.30,1.50,WIFI
C8:08:73:35:A1:38,Beck_Guest_WiFi,[WPA2_PSK],2025-5-6 11:59:18,4,-84,30.4415359,-97.6914062,222.00,1.50,WIFI
54:EC:2F:27:D3:38,Beck_Guest_WiFi,[WPA2_PSK],2025-5-6 11:59:20,6,-66,30.4415722,-97.6909943,222.50,1.50,WIFI
54:EC:2F:67:D3:38,Beck_Staff_WiFi,[WPA2_PSK],2025-5-6 11:59:20,6,-67,30.4415722,-97.6909943,222.50,1.50,WIFI
06:0E:3C:58:B8:B8,DIRECT-B8-HP ENVY 5000 series,[WPA2_PSK],2025-5-6 11:59:20,6,-79,30.4415722,-97.6909943,222.50,1.50,WIFI
C8:08:73:75:A5:78,,[WPA2_PSK],2025-5-6 11:59:20,6,-85,30.4415722,-97.6909943,222.50,1.50,WIFI
C8:08:73:B5:A5:78,Beck_Resident_WiFi_1-126,[WPA2_PSK],2025-5-6 11:59:20,6,-85,30.4415722,-97.6909943,222.50,1.50,WIFI
70:58:A4:F2:0B:79,Returners,[WPA2_PSK],2025-5-6 11:59:20,6,-85,30.4415722,-97.6909943,222.50,1.50,WIFI
C8:08:73:35:A5:78,Beck_Guest_WiFi,[WPA2_PSK],2025-5-6 11:59:20,6,-87,30.4415722,-97.6909943,222.50,1.50,WIFI
C8:08:73:0D:AC:18,Beck_Guest_WiFi,[WPA2_PSK],2025-5-6 11:59:25,11,-79,30.4415741,-97.6899261,224.70,1.50,WIFI
C8:08:73:4D:AC:18,Beck_Staff_WiFi,[WPA2_PSK],2025-5-6 11:59:25,11,-80,30.4415741,-97.6899261,224.70,1.50,WIFI
C8:08:73:8D:AC:18,Beck_Resident_WiFi_24-2438,[WPA2_PSK],2025-5-6 11:59:25,11,-80,30.4415741,-97.6899261,224.70,1.50,WIFI
C8:08:73:0D:B1:48,Beck_Guest_WiFi,[WPA2_PSK],2025-5-6 11:59:25,11,-84,30.4415741,-97.6899261,224.70,1.50,WIFI
C8:08:73:4D:B1:48,Beck_Staff_WiFi,[WPA2_PSK],2025-5-6 11:59:25,11,-84,30.4415741,-97.6899261,224.70,1.50,WIFI
C8:08:73:8D:B1:48,Beck_Resident_WiFi_25-2512,[WPA2_PSK],2025-5-6 11:59:25,11,-85,30.4415741,-97.6899261,224.70,1.50,WIFI
B4:79:C8:4B:31:98,Beck_Staff_WiFi,[WPA2_PSK],2025-5-6 11:59:25,11,-87,30.4415741,-97.6899261,224.70,1.50,WIFI
B4:79:C8:0B:31:98,Beck_Guest_WiFi,[WPA2_PSK],2025-5-6 11:59:25,11,-88,30.4415741,-97.6899261,224.70,1.50,WIFI
B4:79:C8:8B:31:98,Beck_Resident_WiFi_24-2427,[WPA2_PSK],2025-5-6 11:59:25,11,-88,30.4415741,-97.6899261,224.70,1.50,WIFI
B4:79:C8:8B:25:58,Beck_Resident_WiFi_24-2428,[WPA2_PSK],2025-5-6 11:59:28,1,-84,30.4415398,-97.6893158,226.10,1.50,WIFI
B4:79:C8:0B:25:58,Beck_Guest_WiFi,[WPA2_PSK],2025-5-6 11:59:28,1,-84,30.4415398,-97.6893158,226.10,1.50,WIFI
B4:79:C8:4B:25:58,Beck_Staff_WiFi,[WPA2_PSK],2025-5-6 11:59:28,1,-85,30.4415398,-97.6893158,226.10,1.50,WIFI
70:58:A4:F2:0B:7A,Narshe,[WPA2_PSK],2025-5-6 11:59:33,6,-67,30.4413033,-97.6883621,227.20,1.50,WIFI
90:CA:FA:A7:01:4C,WhyFi?,[WPA2_PSK],2025-5-6 11:59:33,6,-76,30.4413033,-97.6883621,227.20,1.50,WIFI
C8:08:73:33:92:28,Beck_Guest_WiFi,[WPA2_PSK],2025-5-6 11:59:33,6,-82,30.4413033,-97.6883621,227.20,1.50,WIFI
C8:08:73:B3:92:28,Beck_Resident_WiFi_23-2333,[WPA2_PSK],2025-5-6 11:59:33,6,-83,30.4413033,-97.6883621,227.20,1.50,WIFI
C8:08:73:73:92:28,Beck_Staff_WiFi,[WPA2_PSK],2025-5-6 11:59:33,6,-84,30.4413033,-97.6883621,227.20,1.50,WIFI
40:2B:50:94:F5:40,garden-west-ac,[WPA2_PSK],2025-5-6 11:59:34,7,-83,30.4412231,-97.6881943,227.30,1.50,WIFI
58:9B:4A:78:A5:21,YaiYuni,[WPA2_PSK],2025-5-6 11:59:38,11,-79,30.4408493,-97.6875763,227.80,1.50,WIFI
AC:DF:9F:0E:96:F6,JesusLovesYou,[WPA2_WPA3_PSK],2025-5-6 11:59:38,11,-80,30.4408493,-97.6875763,227.80,1.50,WIFI
4C:19:5D:07:23:DE,SpectrumSetup-D8,[WPA2_PSK],2025-5-6 11:59:38,11,-85,30.4408493,-97.6875763,227.80,1.50,WIFI
74:37:5F:A7:18:2B,SpectrumSetup-29,[WPA2_PSK],2025-5-6 11:59:38,11,-91,30.4408493,-97.6875763,227.80,1.50,WIFI
08:7B:12:51:36:F3,SpectrumSetup-ED,[WPA2_PSK],2025-5-6 11:59:41,1,-64,30.4405479,-97.6871338,228.20,1.50,WIFI
74:37:5F:C8:37:27,SpectrumSetup-25,[WPA2_PSK],2025-5-6 11:59:41,1,-75,30.4405479,-97.6871338,228.20,1.50,WIFI
F0:7B:65:5C:5C:55,woottonwifi,[WPA2_PSK],2025-5-6 11:59:41,1,-79,30.4405479,-97.6871338,228.20,1.50,WIFI
DE:CD:2F:D3:CA:06,DIRECT-bO-EPSON-XP-6100 Series,[WPA2_PSK],2025-5-6 11:59:41,1,-88,30.4405479,-97.6871338,228.20,1.50,WIFI
A0:55:1F:54:E5:96,SpectrumSetup-CC,[WPA2_PSK],2025-5-6 11:59:41,1,-89,30.4405479,-97.6871338,228.20,1.50,WIFI
F6:A7:31:61:5F:D6,Arkos,[WPA2_PSK],2025-5-6 11:59:44,4,-85,30.4402180,-97.6867065,228.60,1.50,WIFI
F0:A7:31:61:5F:D6,Akropolis,[WPA2_PSK],2025-5-6 11:59:44,4,-88,30.4402180,-97.6867065,228.60,1.50,WIFI
6C:99:61:E1:71:AE,SpectrumSetup-A8,[WPA2_PSK],2025-5-6 11:59:46,6,-63,30.4399757,-97.6864319,229.10,1.50,WIFI
90:D3:CF:36:B5:FD,DiddysCrib1,[WPA2_PSK],2025-5-6 11:59:46,6,-64,30.4399757,-97.6864319,229.10,1.50,WIFI
F4:52:46:F7:BA:DF,ITFS,[WPA2_PSK],2025-5-6 11:59:46,6,-73,30.4399757,-97.6864319,229.10,1.50,WIFI
2C:67:BE:0E:8B:56,SpectrumSetup-EA17,[WPA2_PSK],2025-5-6 11:59:46,6,-78,30.4399757,-97.6864319,229.10,1.50,WIFI
BC:96:E5:52:07:8A,SpectrumSetup-0786,[WPA2_PSK],2025-5-6 11:59:46,6,-79,30.4399757,-97.6864319,229.10,1.50,WIFI
90:CA:FA:8B:D6:38,duncan,[WPA2_PSK],2025-5-6 11:59:46,6,-80,30.4399757,-97.6864319,229.10,1.50,WIFI
86:EA:ED:47:F5:C3,,[WPA2_PSK],2025-5-6 11:59:46,6,-84,30.4399757,-97.6864319,229.10,1.50,WIFI
90:CA:FA:54:F9:4C,Blue#1Fish#1,[WPA2_PSK],2025-5-6 11:59:46,6,-84,30.4399757,-97.6864319,229.10,1.50,WIFI
70:58:A4:57:33:E9,Anisiae,[WPA2_PSK],2025-5-6 11:59:51,11,-67,30.4393272,-97.6858292,231.00,1.50,WIFI
4C:19:5D:41:65:0B,Miles on it,[WPA2_PSK],2025-5-6 11:59:51,11,-81,30.4393272,-97.6858292,231.00,1.50,WIFI
70:58:A4:D0:4A:39,Anisiae,[WPA2_PSK],2025-5-6 11:59:51,11,-81,30.4393272,-97.6858292,231.00,1.50,WIFI
FC:12:63:F2:B3:3E,Whitehaven Mansions ,[WPA2_PSK],2025-5-6 11:59:51,11,-86,30.4393272,-97.6858292,231.00,1.50,WIFI
F8:5B:3B:9B:CD:A9,SpectrumSetup-AB,[WPA2_PSK],2025-5-6 11:59:51,11,-88,30.4393272,-97.6858292,231.00,1.50,WIFI
A0:7F:8A:48:C9:A5,SpectrumSetup-C99F,[WPA2_PSK],2025-5-6 11:59:51,11,-89,30.4393272,-97.6858292,231.00,1.50,WIFI
FC:12:63:7B:21:7A,AEnema,[WPA2_PSK],2025-5-6 11:59:51,11,-89,30.4393272,-97.6858292,231.00,1.50,WIFI
0C:73:29:DF:D2:C0,SpectrumSetup-BE,[WPA2_PSK],2025-5-6 11:59:54,1,-83,30.4389400,-97.6855850,231.40,1.50,WIFI
94:8F:CF:78:77:A0,ATTPukuli1,[WPA2_PSK],2025-5-6 11:59:56,3,-91,30.4386806,-97.6854324,231.60,1.50,WIFI
F6:A7:31:61:5F:DE,Arkos,[WPA2_PSK],2025-5-6 11:59:57,4,-92,30.4385529,-97.6853638,231.70,1.50,WIFI
48:E2:AD:6E:4A:B4,ATT4JMBSH9,[WPA2_PSK],2025-5-6 11:59:59,6,-69,30.4382915,-97.6852112,231.90,1.50,WIFI
C8:B4:22:03:97:9B,SpectrumSetup-9D,[WPA2_PSK],2025-5-6 11:59:59,6,-74,30.4382915,-97.6852112,231.90,1.50,WIFI
9C:4F:5F:68:78:4B,Soaps Mesh,[WPA2_WPA3_PSK],2025-5-6 11:59:59,6,-77,30.4382915,-97.6852112,231.90,1.50,WIFI
08:95:2A:05:F5:F2,RODRIGUEZ,[WPA2_PSK],2025-5-6 12:0:4,11,-71,30.4376564,-97.6848297,232.30,1.50,WIFI
A2:68:7E:80:87:B2,,[WPA2_PSK],2025-5-6 12:0:4,11,-79,30.4376564,-97.6848297,232.30,1.50,WIFI
A0:68:7E:80:87:B0,ATTy8u5epi,[WPA2_PSK],2025-5-6 12:0:4,11,-81,30.4376564,-97.6848297,232.30,1.50,WIFI
88:DE:7C:C3:64:65,TheCottage,[WPA2_PSK],2025-5-6 12:0:8,1,-73,30.4371777,-97.6845398,232.10,1.50,WIFI
24:E5:0F:D1:43:AC,reedexpress,[WPA2_PSK],2025-5-6 12:0:8,1,-77,30.4371777,-97.6845398,232.10,1.50,WIFI
E2:55:7D:77:84:31,,[WPA2_PSK],2025-5-6 12:0:8,1,-83,30.4371777,-97.6845398,232.10,1.50,WIFI
E2:55:7D:77:84:32,PJ_Guest,[WPA2_PSK],2025-5-6 12:0:8,1,-84,30.4371777,-97.6845398,232.10,1.50,WIFI
4C:60:DE:4C:B0:43,NETGEARTX,[WPA2_PSK],2025-5-6 12:0:8,1,-87,30.4371777,-97.6845398,232.10,1.50,WIFI
34:98:B5:53:BF:60,OneSemiconductor,[WPA2_WPA3_PSK],2025-5-6 12:0:10,3,-71,30.4369621,-97.6843567,231.50,1.50,WIFI
42:98:B5:53:BF:60,OneSemiconductor-IoT,[WPA2_PSK],2025-5-6 12:0:10,3,-73,30.4369621,-97.6843567,231.50,1.50,WIFI
3A:98:B5:53:BF:60,,[WPA2_PSK],2025-5-6 12:0:10,3,-75,30.4369621,-97.6843567,231.50,1.50,WIFI
3A:98:B5:54:12:4B,OneSemiconductor,[WPA2_WPA3_PSK],2025-5-6 12:0:10,3,-86,30.4369621,-97.6843567,231.50,1.50,WIFI
34:98:B5:54:12:4B,,[WPA2_PSK],2025-5-6 12:0:10,3,-88,30.4369621,-97.6843567,231.50,1.50,WIFI
80:69:1A:32:1B:DD,king's LANding,[WPA2_PSK],2025-5-6 12:0:11,4,-82,30.4368591,-97.6842651,231.20,1.50,WIFI
74:B6:B6:FA:0A:A3,,[WPA3_PSK],2025-5-6 12:0:13,6,-75,30.4366646,-97.6840668,230.30,1.50,WIFI
74:B6:B6:FA:0A:A7,,[OPEN],2025-5-6 12:0:13,6,-76,30.4366646,-97.6840668,230.30,1.50,WIFI
74:B6:B6:FA:27:C5,bbqsauce,[WPA2_PSK],2025-5-6 12:0:13,6,-79,30.4366646,-97.6840668,230.30,1.50,WIFI
74:B6:B6:FA:0A:A5,bbqsauce,[WPA2_PSK],2025-5-6 12:0:13,6,-81,30.4366646,-97.6840668,230.30,1.50,WIFI
90:CA:FA:61:F0:67,Little Brother,[WPA2_PSK],2025-5-6 12:0:13,6,-84,30.4366646,-97.6840668,230.30,1.50,WIFI
22:0C:7A:CA:8A:96,,[WPA2_PSK],2025-5-6 12:0:13,6,-88,30.4366646,-97.6840668,230.30,1.50,WIFI
1C:5F:2B:0B:1F:C4,StateFarm24,[WPA_WPA2_PSK],2025-5-6 12:0:17,10,-90,30.4363289,-97.6836395,229.40,1.50,WIFI
78:29:ED:D4:10:01,MySpectrumWiFi03-2G,[WPA2_PSK],2025-5-6 12:0:18,11,-69,30.4362564,-97.6835403,229.50,1.50,WIFI
10:C4:CA:D7:98:14,2WIRE857,[WPA2_PSK],2025-5-6 12:0:18,11,-78,30.4362564,-97.6835403,229.50,1.50,WIFI
B0:FC:88:17:55:BF,Megenagna-Mart-Cafe,[WPA2_PSK],2025-5-6 12:0:18,11,-79,30.4362564,-97.6835403,229.50,1.50,WIFI
38:35:FB:E4:86:76,MySpectrumWiFi70-2G,[WPA2_PSK],2025-5-6 12:0:18,11,-86,30.4362564,-97.6835403,229.50,1.50,WIFI
14:7D:05:E8:71:83,SpectrumSetup-81,[WPA2_PSK],2025-5-6 12:0:21,1,-74,30.4360714,-97.6833038,229.80,1.50,WIFI
90:CA:FA:4F:87:4B,searching,[WPA2_PSK],2025-5-6 12:0:21,1,-80,30.4360714,-97.6833038,229.80,1.50,WIFI
78:61:7C:82:CE:86,Ashli15,[WPA2_PSK],2025-5-6 12:0:21,1,-83,30.4360714,-97.6833038,229.80,1.50,WIFI
44:AD:B1:49:2F:46,Strongfam07,[WPA2_PSK],2025-5-6 12:0:21,1,-83,30.4360714,-97.6833038,229.80,1.50,WIFI
24:E5:0F:5F:D3:BE,searching,[WPA2_PSK],2025-5-6 12:0:21,1,-84,30.4360714,-97.6833038,229.80,1.50,WIFI
62:7F:F0:0D:8B:77,WBCC-Tech ,[WPA2_WPA3_PSK],2025-5-6 12:0:23,3,-81,30.4359875,-97.6831741,229.90,1.50,WIFI
B2:6E:84:8B:27:FE,,[WPA2_PSK],2025-5-6 12:0:23,3,-83,30.4359875,-97.6831741,229.90,1.50,WIFI
2C:FD:A1:C9:F9:98,CrawfishShack,[WPA2_PSK],2025-5-6 12:0:23,3,-93,30.4359875,-97.6831741,229.90,1.50,WIFI
EC:C3:02:53:73:C4,ATTwpSWykW,[WPA2_PSK],2025-5-6 12:0:26,6,-75,30.4358959,-97.6830978,229.70,1.50,WIFI
DA:B3:70:A5:08:E1,,[WPA2_PSK],2025-5-6 12:0:26,6,-89,30.4358959,-97.6830978,229.70,1.50,WIFI
88:DE:7C:EB:04:E9,SpectrumSetup-EB,[WPA2_PSK],2025-5-6 12:0:31,11,-76,30.4357204,-97.6831818,229.40,1.50,WIFI
24:E5:0F:D1:31:28,reedexpress,[WPA2_PSK],2025-5-6 12:0:31,11,-83,30.4357204,-97.6831818,229.40,1.50,WIFI
7C:DB:98:77:3D:04,MySpectrumWiFi06-2G,[WPA2_PSK],2025-5-6 12:0:31,11,-86,30.4357204,-97.6831818,229.40,1.50,WIFI
5C:35:FC:08:3A:A9,SpookyHouse,[WPA2_PSK],2025-5-6 12:0:31,11,-91,30.4357204,-97.6831818,229.40,1.50,WIFI
E0:CB:BC:92:73:7D,About Your Cars Warranty,[WPA2_PSK],2025-5-6 12:0:34,1,-78,30.4356041,-97.6831436,229.30,1.50,WIFI
DE:CB:BC:92:73:7D,,[WPA2_PSK],2025-5-6 12:0:34,1,-78,30.4356041,-97.6831436,229.30,1.50,WIFI
A8:9A:93:90:02:3E,MySpectrumWiFi38-2G,[WPA2_PSK],2025-5-6 12:0:34,1,-81,30.4356041,-97.6831436,229.30,1.50,WIFI
F4:69:42:5E:34:3D,SpectrumSetup-3F,[WPA2_PSK],2025-5-6 12:0:34,1,-82,30.4356041,-97.6831436,229.30,1.50,WIFI
AE:6E:84:8B:2B:4A,SOS_Wells_Branch_Guest,[WPA2_PSK],2025-5-6 12:0:36,3,-77,30.4355354,-97.6831131,229.30,1.50,WIFI
A8:6E:84:8B:2B:4A,SOS_Wells_Branch,[WPA2_PSK],2025-5-6 12:0:36,3,-78,30.4355354,-97.6831131,229.30,1.50,WIFI
AE:6E:84:8B:27:FE,SOS_Wells_Branch_Guest,[WPA2_PSK],2025-5-6 12:0:36,3,-78,30.4355354,-97.6831131,229.30,1.50,WIFI
C8:9E:43:48:34:9E,NETGEAR29,[WPA2_PSK],2025-5-6 12:0:37,4,-83,30.4354992,-97.6831131,229.20,1.50,WIFI
DA:B3:70:95:08:E1,Centex-Guest,[WPA2_PSK],2025-5-6 12:0:39,6,-75,30.4354362,-97.6831436,229.20,1.50,WIFI
D8:B3:70:F5:08:E1,Centex,[WPA2_PSK],2025-5-6 12:0:39,6,-76,30.4354362,-97.6831436,229.20,1.50,WIFI
AA:B1:3B:F9:2A:81,DIRECT-81-HP OfficeJet Pro 9020,[WPA2_PSK],2025-5-6 12:0:44,11,-72,30.4352722,-97.6832581,229.20,1.50,WIFI
A8:B1:3B:19:D0:0C,DIRECT-0B-HP OfficeJet Pro 6970,[WPA2_PSK],2025-5-6 12:0:44,11,-74,30.4352722,-97.6832581,229.20,1.50,WIFI
10:DA:43:5D:5E:D1,ATT-WIFI-0691,[WPA2_PSK],2025-5-6 12:0:44,11,-80,30.4352722,-97.6832581,229.20,1.50,WIFI
44:65:7F:B3:B7:7D,JME Services,[WPA_WPA2_PSK],2025-5-6 12:0:44,11,-93,30.4352722,-97.6832581,229.20,1.50,WIFI
D8:B3:70:F4:BB:09,Centex,[WPA2_PSK],2025-5-6 12:0:47,1,-66,30.4351673,-97.6833191,229.30,1.50,WIFI
DA:B3:70:94:BB:09,Centex-Guest,[WPA2_PSK],2025-5-6 12:0:47,1,-71,30.4351673,-97.6833191,229.30,1.50,WIFI
48:E2:AD:BE:CE:F4,sos_RBT,[WPA2_PSK],2025-5-6 12:0:47,1,-74,30.4351673,-97.6833191,229.30,1.50,WIFI
DA:B3:70:A4:BB:09,,[WPA2_PSK],2025-5-6 12:0:47,1,-74,30.4351673,-97.6833191,229.30,1.50,WIFI
A8:6E:84:8B:27:FE,SOS_Wells_Branch,[WPA2_PSK],2025-5-6 12:0:49,3,-53,30.4351139,-97.6833572,229.30,1.50,WIFI
AE:6E:84:8B:24:52,SOS_Wells_Branch_Guest,[WPA2_PSK],2025-5-6 12:0:49,3,-64,30.4351139,-97.6833572,229.30,1.50,WIFI
C8:B4:22:45:76:45,MySpectrumWiFi47-2G,[WPA2_PSK],2025-5-6 12:0:52,6,-77,30.4350681,-97.6833878,229.40,1.50,WIFI
D8:B3:70:F4:2B:61,Centex,[WPA2_PSK],2025-5-6 12:0:52,6,-80,30.4350681,-97.6833878,229.40,1.50,WIFI
34:49:5B:CB:85:66,LaCarls,[WPA2_PSK],2025-5-6 12:0:57,11,-54,30.4349289,-97.6834717,229.30,1.50,WIFI
DE:CB:BC:92:73:A5,,[WPA2_PSK],2025-5-6 12:0:57,11,-74,30.4349289,-97.6834717,229.30,1.50,WIFI
E0:CB:BC:92:73:A5,About Your Cars Warranty,[WPA2_PSK],2025-5-6 12:0:57,11,-75,30.4349289,-97.6834717,229.30,1.50,WIFI
B2:6E:84:8B:24:52,,[WPA2_PSK],2025-5-6 12:1:2,3,-80,30.4347591,-97.6835861,229.50,1.50,WIFI
D2:21:F9:19:DD:8E,IoTURface,[WPA2_PSK],2025-5-6 12:1:5,6,-73,30.4346638,-97.6836319,229.60,1.50,WIFI
D2:21:F9:29:DD:8E,,[WPA2_PSK],2025-5-6 12:1:5,6,-74,30.4346638,-97.6836319,229.60,1.50,WIFI
D0:21:F9:79:DD:8E,DropItLikeItsHotspot,[WPA2_WPA3_PSK],2025-5-6 12:1:5,6,-75,30.4346638,-97.6836319,229.60,1.50,WIFI
92:32:4B:69:B6:A2,DIRECT-a2-HP M281 LaserJet,[WPA2_PSK],2025-5-6 12:1:5,6,-77,30.4346638,-97.6836319,229.60,1.50,WIFI
D8:A7:56:6C:F1:D6,MySpectrumWiFid0-2G,[WPA2_PSK],2025-5-6 12:1:10,11,-46,30.4345474,-97.6835175,229.10,1.50,WIFI
A4:11:62:35:46:53,f75a8121084823964b11daefe6e8ffde,[WPA2_PSK],2025-5-6 12:1:10,11,-74,30.4345474,-97.6835175,229.10,1.50,WIFI
98:1E:19:20:CB:96,MySpectrumWiFi90-2G,[WPA2_PSK],2025-5-6 12:1:10,11,-80,30.4345474,-97.6835175,229.10,1.50,WIFI
8A:15:04:99:39:2F,,[WEP],2025-5-6 12:1:10,11,-86,30.4345474,-97.6835175,229.10,1.50,WIFI
30:E1:71:D2:F6:0F,DIRECT-0B-HP OfficeJet Pro 8710,[WPA2_PSK],2025-5-6 12:1:13,1,-83,30.4344940,-97.6834030,229.10,1.50,WIFI
00:1E:C0:43:C4:2C,XR16-43-C4-2C,[OPEN],2025-5-6 12:1:13,1,-84,30.4344940,-97.6834030,229.10,1.50,WIFI
A8:9A:93:A3:E1:1E,MySpectrumWiFi18-2G,[WPA2_PSK],2025-5-6 12:1:13,1,-85,30.4344940,-97.6834030,229.10,1.50,WIFI
88:DE:7C:79:F8:39,YeseniaLuis,[WPA2_PSK],2025-5-6 12:1:13,1,-88,30.4344940,-97.6834030,229.10,1.50,WIFI
A4:D8:CA:10:6B:C1,Tepes,[WPA_WPA2_PSK],2025-5-6 12:1:16,4,-83,30.4344444,-97.6832962,229.10,1.50,WIFI
A4:D8:CA:10:6B:C2,,[WPA2_PSK],2025-5-6 12:1:16,4,-86,30.4344444,-97.6832962,229.10,1.50,WIFI
40:E1:E4:26:B8:74,Wells Branch Kumon,[WPA2_PSK],2025-5-6 12:1:17,5,-79,30.4344311,-97.6832733,229.10,1.50,WIFI
40:E1:E4:26:B8:75,Kumon_Guest,[WPA2_PSK],2025-5-6 12:1:17,5,-82,30.4344311,-97.6832733,229.10,1.50,WIFI
08:7B:12:52:3D:E2,SpectrumSetup-DC,[WPA2_PSK],2025-5-6 12:1:18,6,-73,30.4344234,-97.6832504,229.10,1.50,WIFI
B2:81:84:95:15:84,,[WPA2_PSK],2025-5-6 12:1:23,11,-31,30.4343796,-97.6831665,229.10,1.50,WIFI
14:7D:05:4B:C8:AB,Radio Systems Corp,[WPA2_PSK],2025-5-6 12:1:23,11,-68,30.4343796,-97.6831665,229.10,1.50,WIFI
84:18:3A:62:C7:F3,Recover.Me-22C7F0,[WPA2_PSK],2025-5-6 12:1:26,1,-60,30.4343395,-97.6830902,229.00,1.50,WIFI
38:35:FB:EB:5B:8E,MySpectrumWiFi88-2G,[WPA2_PSK],2025-5-6 12:1:26,1,-66,30.4343395,-97.6830902,229.00,1.50,WIFI
18:A5:FF:80:B4:90,TMOBILE-B48E,[WPA2_WPA3_PSK],2025-5-6 12:1:31,6,-73,30.4342842,-97.6829605,229.00,1.50,WIFI
44:D4:53:79:B2:E6,SpectrumSetup-E0,[WPA2_PSK],2025-5-6 12:1:31,6,-81,30.4342842,-97.6829605,229.00,1.50,WIFI
48:41:7B:0A:BD:84,Spaghetti house,[WPA2_PSK],2025-5-6 12:1:31,6,-85,30.4342842,-97.6829605,229.00,1.50,WIFI
50:91:E3:A8:F0:E2,OnlyClouds,[WPA2_PSK],2025-5-6 12:1:34,9,-85,30.4342995,-97.6829071,228.80,1.50,WIFI
40:70:09:AB:74:00,ACALAB2,[WPA2_PSK],2025-5-6 12:1:36,11,-84,30.4343281,-97.6828690,228.70,1.50,WIFI
00:1A:DD:2E:4B:E4,Wells Branch Kumon,[WPA_WPA2_PSK],2025-5-6 12:1:42,4,-79,30.4344921,-97.6827621,228.40,1.50,WIFI
E2:73:E7:22:74:2D,DIRECT-2D-HP 3001dw LJ,[WPA2_PSK],2025-5-6 12:1:44,6,-74,30.4345551,-97.6827164,228.20,1.50,WIFI
1C:B0:44:BD:1C:FA,MySpectrumWiFiFC-2G,[WPA2_PSK],2025-5-6 12:1:44,6,-75,30.4345551,-97.6827164,228.20,1.50,WIFI
B0:FC:88:5A:A8:80,SpectrumSetup-7A,[WPA2_PSK],2025-5-6 12:1:44,6,-77,30.4345551,-97.6827164,228.20,1.50,WIFI
F8:AA:3F:D0:E1:33,SpectrumSetup-31,[WPA2_PSK],2025-5-6 12:1:44,6,-78,30.4345551,-97.6827164,228.20,1.50,WIFI
44:AD:B1:43:17:46,SpectrumSetup-40,[WPA2_PSK],2025-5-6 12:1:44,6,-79,30.4345551,-97.6827164,228.20,1.50,WIFI
EC:C3:02:30:80:64,ATTwMmA6Ut,[WPA2_PSK],2025-5-6 12:1:44,6,-82,30.4345551,-97.6827164,228.20,1.50,WIFI
8A:15:04:99:39:21,,[WPA2_PSK],2025-5-6 12:1:49,11,-67,30.4347286,-97.6826096,227.50,1.50,WIFI
8A:15:04:99:39:22,,[WPA2_PSK],2025-5-6 12:1:49,11,-67,30.4347286,-97.6826096,227.50,1.50,WIFI
8A:15:04:99:39:23,,[OPEN],2025-5-6 12:1:49,11,-67,30.4347286,-97.6826096,227.50,1.50,WIFI
8A:15:04:99:39:26,,[WPA2_PSK],2025-5-6 12:1:49,11,-68,30.4347286,-97.6826096,227.50,1.50,WIFI
94:A6:7E:8E:34:67,NETGEAR53,[WPA2_PSK],2025-5-6 12:1:49,11,-74,30.4347286,-97.6826096,227.50,1.50,WIFI
80:78:71:06:67:DC,SpectrumSetup-DE,[WPA2_PSK],2025-5-6 12:1:49,11,-75,30.4347286,-97.6826096,227.50,1.50,WIFI
18:E8:29:57:10:E3,SSWIFI,[WPA2_PSK],2025-5-6 12:1:49,11,-83,30.4347286,-97.6826096,227.50,1.50,WIFI
A6:36:C7:7D:2B:0C,,[WPA2_PSK],2025-5-6 12:1:49,11,-91,30.4347286,-97.6826096,227.50,1.50,WIFI
82:2A:A8:94:4C:8F,WebbDDS Guest,[WPA2_PSK],2025-5-6 12:1:52,1,-63,30.4348354,-97.6825409,226.80,1.50,WIFI
F4:05:95:97:68:57,LinoSaryElias,[WPA2_PSK],2025-5-6 12:1:52,1,-75,30.4348354,-97.6825409,226.80,1.50,WIFI
90:1A:CA:6E:15:70,DG1670A72,[WPA2_PSK],2025-5-6 12:1:52,1,-75,30.4348354,-97.6825409,226.80,1.50,WIFI
B0:FC:88:4A:75:78,SpectrumSetup-72,[WPA2_PSK],2025-5-6 12:1:52,1,-76,30.4348354,-97.6825409,226.80,1.50,WIFI
F4:69:42:12:23:A9,SpectrumSetup-AB,[WPA2_PSK],2025-5-6 12:1:52,1,-78,30.4348354,-97.6825409,226.80,1.50,WIFI
64:67:72:EC:48:7F,SpectrumSetup-7D,[WPA2_PSK],2025-5-6 12:1:52,1,-89,30.4348354,-97.6825409,226.80,1.50,WIFI
48:41:7B:2D:44:44,Sammieann,[WPA2_PSK],2025-5-6 12:1:57,6,-77,30.4350147,-97.6824188,226.30,1.50,WIFI
76:83:C2:BD:A8:4D,,[WPA2_PSK],2025-5-6 12:1:57,6,-84,30.4350147,-97.6824188,226.30,1.50,WIFI
2C:67:BE:08:A8:67,Thewalker,[WPA2_PSK],2025-5-6 12:1:57,6,-85,30.4350147,-97.6824188,226.30,1.50,WIFI
AC:8F:A9:5E:58:A4,Texastea20,[WPA2_PSK],2025-5-6 12:1:59,8,-84,30.4350758,-97.6823730,226.00,1.50,WIFI
9C:3D:CF:48:CD:13,,[WPA2_PSK],2025-5-6 12:2:0,9,-78,30.4351082,-97.6823654,226.00,1.50,WIFI
88:DE:7C:7A:20:7D,Shack And Oyster,[WPA2_PSK],2025-5-6 12:2:2,11,-79,30.4351635,-97.6823883,225.90,1.50,WIFI
02:0E:58:3F:E5:90,SNS/AhEDASAAAAAOWD/lkAA=,[OPEN],2025-5-6 12:2:2,11,-81,30.4351635,-97.6823883,225.90,1.50,WIFI
B4:FB:E4:44:DD:C9,BullDogReturns,[WPA2_PSK],2025-5-6 12:2:6,1,-65,30.4352283,-97.6824875,226.10,1.50,WIFI
80:2A:A8:94:4C:8F,WebbDDS,[WPA2_PSK],2025-5-6 12:2:6,1,-73,30.4352283,-97.6824875,226.10,1.50,WIFI
A2:B5:3C:43:99:FB,spectrumwifi87,[WPA2_PSK],2025-5-6 12:2:6,1,-85,30.4352283,-97.6824875,226.10,1.50,WIFI
80:69:1A:32:1B:DD,king's LANding,[WPA2_PSK],2025-5-6 12:2:9,4,-80,30.4352627,-97.6825714,226.30,1.50,WIFI
86:69:1A:32:1B:DD,,[WPA2_PSK],2025-5-6 12:2:9,4,-87,30.4352627,-97.6825714,226.30,1.50,WIFI
14:7D:05:81:C6:0B,SpectrumSetup-B0,[WPA2_PSK],2025-5-6 12:2:11,6,-85,30.4352875,-97.6826172,226.40,1.50,WIFI
52:91:E3:A8:F0:E2,,[WPA2_PSK],2025-5-6 12:2:14,9,-71,30.4353313,-97.6826782,226.50,1.50,WIFI
1C:5F:2B:0B:1F:C4,StateFarm24,[WPA_WPA2_PSK],2025-5-6 12:2:15,10,-75,30.4353485,-97.6826935,226.60,1.50,WIFI
96:46:9D:3D:48:4F,,[WPA2_PSK],2025-5-6 12:2:16,11,-68,30.4353657,-97.6827164,226.70,1.50,WIFI
A2:46:9D:3D:48:4F,CRAWFISHSHACKANDOYSTERBAR_Guest,[WPA2_PSK],2025-5-6 12:2:16,11,-70,30.4353657,-97.6827164,226.70,1.50,WIFI
AE:46:9D:3D:48:4F,CRAWFISHSHACKANDOYSTERBAR_Office,[WPA2_PSK],2025-5-6 12:2:16,11,-71,30.4353657,-97.6827164,226.70,1.50,WIFI
A8:46:9D:3D:48:4F,CRAWFISHSHACKANDOYSTERBAR_POS,[WPA2_PSK],2025-5-6 12:2:16,11,-72,30.4353657,-97.6827164,226.70,1.50,WIFI
8A:15:04:99:39:24,,[WPA2_PSK],2025-5-6 12:2:16,11,-78,30.4353657,-97.6827164,226.70,1.50,WIFI
8A:15:04:99:39:27,,[WPA2_PSK],2025-5-6 12:2:16,11,-78,30.4353657,-97.6827164,226.70,1.50,WIFI
14:7D:05:E8:71:83,SpectrumSetup-81,[WPA2_PSK],2025-5-6 12:2:18,1,-54,30.4354038,-97.6827850,226.90,1.50,WIFI
78:D2:94:6A:45:38,NETGEAR87,[WPA2_PSK],2025-5-6 12:2:18,1,-78,30.4354038,-97.6827850,226.90,1.50,WIFI
90:CA:FA:4F:87:4B,searching,[WPA2_PSK],2025-5-6 12:2:18,1,-78,30.4354038,-97.6827850,226.90,1.50,WIFI
00:04:56:11:BE:18,7456987456,[WPA2_PSK],2025-5-6 12:2:18,1,-89,30.4354038,-97.6827850,226.90,1.50,WIFI
B2:6E:84:8B:2B:4A,,[WPA2_PSK],2025-5-6 12:2:21,3,-86,30.4354649,-97.6829071,227.10,1.50,WIFI
6E:F2:D8:06:E1:E5,06E1E5-TS3700series,[WPA2_PSK],2025-5-6 12:2:21,3,-87,30.4354649,-97.6829071,227.10,1.50,WIFI
EC:C3:02:53:73:C4,ATTwpSWykW,[WPA2_PSK],2025-5-6 12:2:24,6,-78,30.4354954,-97.6830368,227.40,1.50,WIFI
DA:B3:70:A5:08:E1,,[WPA2_PSK],2025-5-6 12:2:24,6,-80,30.4354954,-97.6830368,227.40,1.50,WIFI
B0:FC:88:17:55:BF,Megenagna-Mart-Cafe,[WPA2_PSK],2025-5-6 12:2:29,11,-59,30.4353886,-97.6831894,227.50,1.50,WIFI
5C:35:FC:08:3A:A9,SpookyHouse,[WPA2_PSK],2025-5-6 12:2:29,11,-82,30.4353886,-97.6831894,227.50,1.50,WIFI
DA:B3:70:94:21:E9,Centex-Guest,[WPA2_PSK],2025-5-6 12:2:32,1,-73,30.4352684,-97.6832657,227.70,1.50,WIFI
D8:B3:70:F4:21:E9,Centex,[WPA2_PSK],2025-5-6 12:2:32,1,-74,30.4352684,-97.6832657,227.70,1.50,WIFI
DA:B3:70:A4:21:E9,,[WPA2_PSK],2025-5-6 12:2:32,1,-75,30.4352684,-97.6832657,227.70,1.50,WIFI
E0:CB:BC:92:73:7D,About Your Cars Warranty,[WPA2_PSK],2025-5-6 12:2:32,1,-81,30.4352684,-97.6832657,227.70,1.50,WIFI
DA:B3:70:A4:2B:61,,[WPA2_PSK],2025-5-6 12:2:37,6,-77,30.4351063,-97.6833649,228.10,1.50,WIFI
90:CA:FA:62:3A:2C,Little Brother,[WPA2_PSK],2025-5-6 12:2:37,6,-91,30.4351063,-97.6833649,228.10,1.50,WIFI
88:DE:7C:EB:04:E9,SpectrumSetup-EB,[WPA2_PSK],2025-5-6 12:2:42,11,-87,30.4349709,-97.6834488,228.30,1.50,WIFI
0C:83:CC:BB:D2:E5,tlbbd2e5,[WPA2_PSK],2025-5-6 12:2:45,1,-64,30.4348526,-97.6835251,228.40,1.50,WIFI
DE:CB:BC:96:FC:6E,,[WPA2_PSK],2025-5-6 12:2:45,1,-79,30.4348526,-97.6835251,228.40,1.50,WIFI
E6:CB:BC:96:FC:6E,Zero Foxtrot Guest,[OPEN],2025-5-6 12:2:45,1,-80,30.4348526,-97.6835251,228.40,1.50,WIFI
7C:DB:98:11:90:95,MySpectrumWiFi97-2G,[WPA2_PSK],2025-5-6 12:2:55,11,-60,30.4345398,-97.6836319,228.80,1.50,WIFI
44:65:7F:B3:B7:7D,JME Services,[WPA_WPA2_PSK],2025-5-6 12:2:55,11,-73,30.4345398,-97.6836319,228.80,1.50,WIFI
DE:CB:BC:92:73:7D,,[WPA2_PSK],2025-5-6 12:2:58,1,-60,30.4345341,-97.6835709,228.90,1.50,WIFI
52:57:9C:E5:CD:28,DIRECT-3k-EPSON-WF-4830 Series,[WPA2_PSK],2025-5-6 12:2:58,1,-87,30.4345341,-97.6835709,228.90,1.50,WIFI
AE:6E:84:8B:27:FE,SOS_Wells_Branch_Guest,[WPA2_PSK],2025-5-6 12:3:0,3,-87,30.4345627,-97.6835403,229.00,1.50,WIFI
F2:A3:B2:38:ED:3F,,[WPA2_PSK],2025-5-6 12:3:8,11,-77,30.4345665,-97.6835403,230.40,1.50,WIFI
A8:9A:93:90:02:3E,MySpectrumWiFi38-2G,[WPA2_PSK],2025-5-6 12:3:11,1,-76,30.4345474,-97.6835632,233.20,1.50,WIFI
AE:6E:84:8B:2B:4A,SOS_Wells_Branch_Guest,[WPA2_PSK],2025-5-6 12:3:26,3,-91,30.4345093,-97.6835861,236.50,1.50,WIFI
C8:B4:22:45:76:45,MySpectrumWiFi47-2G,[WPA2_PSK],2025-5-6 12:3:29,6,-84,30.4345112,-97.6835861,236.60,1.50,WIFI
AC:91:9B:9C:72:EA,Razos,[WPA2_PSK],2025-5-6 12:3:37,1,-89,30.4345188,-97.6835785,236.70,1.50,WIFI
B2:6E:84:8B:27:FE,,[WPA2_PSK],2025-5-6 12:3:39,3,-83,30.4345188,-97.6835785,236.70,1.50,WIFI
3A:CA:84:A3:56:DF,DIRECT-DF-HP 3001dw LJ,[WPA2_PSK],2025-5-6 12:3:42,6,-89,30.4345207,-97.6835785,236.60,1.50,WIFI
34:49:5B:CB:85:66,LaCarls,[WPA2_PSK],2025-5-6 12:3:47,11,-76,30.4345207,-97.6835785,236.30,1.50,WIFI
E0:CB:BC:96:FC:6E,Zero Foxtrot Corporate,[WPA2_PSK],2025-5-6 12:3:50,1,-84,30.4345226,-97.6835785,236.00,1.50,WIFI
D2:21:F9:19:DD:8E,IoTURface,[WPA2_PSK],2025-5-6 12:3:55,6,-69,30.4345226,-97.6835709,235.70,1.50,WIFI
D2:21:F9:29:DD:8E,,[WPA2_PSK],2025-5-6 12:3:55,6,-69,30.4345226,-97.6835709,235.70,1.50,WIFI
A6:4E:74:E1:DA:67,,[WPA2_PSK],2025-5-6 12:3:55,6,-92,30.4345226,-97.6835709,235.70,1.50,WIFI
D8:A7:56:6C:F1:D6,MySpectrumWiFid0-2G,[WPA2_PSK],2025-5-6 12:4:0,11,-61,30.4345226,-97.6835785,235.30,1.50,WIFI
E0:CB:BC:92:73:A5,About Your Cars Warranty,[WPA2_PSK],2025-5-6 12:4:0,11,-68,30.4345226,-97.6835785,235.30,1.50,WIFI
A4:11:62:35:46:53,f75a8121084823964b11daefe6e8ffde,[WPA2_PSK],2025-5-6 12:4:0,11,-76,30.4345226,-97.6835785,235.30,1.50,WIFI
B6:91:9B:9C:72:EA,Verizon_PGQVH3-IoT,[WPA2_PSK],2025-5-6 12:4:3,1,-82,30.4345226,-97.6835785,235.20,1.50,WIFI
A4:97:33:DC:85:21,SpicyWater,[WPA2_PSK],2025-5-6 12:4:3,1,-89,30.4345226,-97.6835785,235.20,1.50,WIFI
24:E5:0F:5F:D3:BE,searching,[WPA2_PSK],2025-5-6 12:4:3,1,-90,30.4345226,-97.6835785,235.20,1.50,WIFI
44:AD:B1:49:2F:46,Strongfam07,[WPA2_PSK],2025-5-6 12:4:3,1,-90,30.4345226,-97.6835785,235.20,1.50,WIFI
D0:21:F9:79:DD:8E,DropItLikeItsHotspot,[WPA2_WPA3_PSK],2025-5-6 12:4:8,6,-75,30.4345245,-97.6835785,234.80,1.50,WIFI
92:32:4B:69:B6:A2,DIRECT-a2-HP M281 LaserJet,[WPA2_PSK],2025-5-6 12:4:8,6,-81,30.4345245,-97.6835785,234.80,1.50,WIFI
90:CA:FA:6B:17:CC,SafeHouse,[WPA2_PSK],2025-5-6 12:4:8,6,-94,30.4345245,-97.6835785,234.80,1.50,WIFI
98:1E:19:20:CB:96,MySpectrumWiFi90-2G,[WPA2_PSK],2025-5-6 12:4:13,11,-81,30.4345245,-97.6835785,234.50,1.50,WIFI
A8:9A:93:A3:E1:1E,MySpectrumWiFi18-2G,[WPA2_PSK],2025-5-6 12:4:16,1,-82,30.4345245,-97.6835785,234.30,1.50,WIFI
30:E1:71:D2:F6:0F,DIRECT-0B-HP OfficeJet Pro 8710,[WPA2_PSK],2025-5-6 12:4:16,1,-88,30.4345245,-97.6835785,234.30,1.50,WIFI
00:1E:C0:43:C4:2C,XR16-43-C4-2C,[OPEN],2025-5-6 12:4:16,1,-90,30.4345245,-97.6835785,234.30,1.50,WIFI
A8:6E:84:8B:24:52,SOS_Wells_Branch,[WPA2_PSK],2025-5-6 12:4:18,3,-93,30.4345245,-97.6835785,234.20,1.50,WIFI
08:7B:12:52:3D:E2,SpectrumSetup-DC,[WPA2_PSK],2025-5-6 12:4:21,6,-77,30.4345245,-97.6835785,234.00,1.50,WIFI
84:18:3A:62:C7:F3,Recover.Me-22C7F0,[WPA2_PSK],2025-5-6 12:4:29,1,-75,30.4345245,-97.6835785,233.50,1.50,WIFI

